# Logfile created on 2020-01-15 03:47:46 +0000 by logger.rb/56438
[2020-01-15T03:47:46+00:00] INFO: Started chef-zero at chefzero://localhost:1 with repository at /opt/gitlab/embedded
  One version per cookbook

[2020-01-15T03:47:46+00:00] INFO: *** Chef 13.6.4 ***
[2020-01-15T03:47:46+00:00] INFO: Platform: x86_64-linux
[2020-01-15T03:47:46+00:00] INFO: Chef-client pid: 26
[2020-01-15T03:47:46+00:00] INFO: The plugin path /etc/chef/ohai/plugins does not exist. Skipping...
[2020-01-15T03:47:46+00:00] WARN: Plugin Network: unable to detect ipaddress
[2020-01-15T03:47:48+00:00] INFO: Setting the run_list to ["recipe[gitlab]"] from CLI options
[2020-01-15T03:47:48+00:00] INFO: Run List is [recipe[gitlab]]
[2020-01-15T03:47:48+00:00] INFO: Run List expands to [gitlab]
[2020-01-15T03:47:48+00:00] INFO: Starting Chef Run for 6346f6eccbbb
[2020-01-15T03:47:48+00:00] INFO: Running start handlers
[2020-01-15T03:47:48+00:00] INFO: Start handlers complete.
[2020-01-15T03:47:49+00:00] INFO: Loading cookbooks [gitlab@0.0.1, package@0.1.0, postgresql@0.1.0, registry@0.1.0, mattermost@0.1.0, consul@0.0.0, gitaly@0.1.0, letsencrypt@0.1.0, nginx@0.1.0, runit@0.14.2, acme@3.1.0, crond@0.1.0, compat_resource@12.19.0]
[2020-01-15T03:47:51+00:00] WARN: Runtime directory '/run' is not a tmpfs.
[2020-01-15T03:47:51+00:00] WARN: Skipped selecting an init system because it looks like we are running in a container
[2020-01-15T03:47:52+00:00] INFO: The plugin path /etc/chef/ohai/plugins does not exist. Skipping...
[2020-01-15T03:47:52+00:00] INFO: execute[/opt/gitlab/embedded/service/gitlab-shell/bin/gitlab-keys check-permissions] ran successfully
[2020-01-15T03:47:53+00:00] INFO: execute[chown -R root:root /opt/gitlab/embedded/service/gitlab-rails/public] ran successfully
[2020-01-15T03:47:53+00:00] INFO: link[/opt/gitlab/service/redis] created
[2020-01-15T03:47:53+00:00] INFO: link[/opt/gitlab/service/postgresql] created
[2020-01-15T03:47:53+00:00] INFO: ruby_block[Link postgresql bin files to the correct version] called
[2020-01-15T03:48:10+00:00] INFO: Running queued delayed notifications before re-raising exception
[2020-01-15T03:48:10+00:00] ERROR: Running exception handlers
[2020-01-15T03:48:10+00:00] ERROR: Exception handlers complete
[2020-01-15T03:48:10+00:00] FATAL: Stacktrace dumped to /opt/gitlab/embedded/cookbooks/cache/chef-stacktrace.out
[2020-01-15T03:48:10+00:00] FATAL: Please provide the contents of the stacktrace.out file if you file a bug report
[2020-01-15T03:48:10+00:00] FATAL: Mixlib::ShellOut::ShellCommandFailed: bash[migrate gitlab-rails database] (gitlab::database_migrations line 49) had an error: Mixlib::ShellOut::ShellCommandFailed: Expected process to exit with [0], but received '1'
---- Begin output of "bash"  "/tmp/chef-script20200115-26-166hrty" ----
STDOUT: rake aborted!
PG::ConnectionBad: could not connect to server: No such file or directory
	Is the server running locally and accepting
	connections on Unix domain socket "/var/opt/gitlab/postgresql/.s.PGSQL.5432"?
/opt/gitlab/embedded/service/gitlab-rails/lib/tasks/gitlab/db.rake:49:in `block (3 levels) in <top (required)>'
/opt/gitlab/embedded/bin/bundle:23:in `load'
/opt/gitlab/embedded/bin/bundle:23:in `<main>'
Tasks: TOP => gitlab:db:configure
(See full trace by running task with --trace)
STDERR: 
---- End output of "bash"  "/tmp/chef-script20200115-26-166hrty" ----
Ran "bash"  "/tmp/chef-script20200115-26-166hrty" returned 1
