# Logfile created on 2020-01-15 02:51:40 +0000 by logger.rb/56438
[2020-01-15T02:51:40+00:00] INFO: Started chef-zero at chefzero://localhost:1 with repository at /opt/gitlab/embedded
  One version per cookbook

[2020-01-15T02:51:40+00:00] INFO: *** Chef 13.6.4 ***
[2020-01-15T02:51:40+00:00] INFO: Platform: x86_64-linux
[2020-01-15T02:51:40+00:00] INFO: Chef-client pid: 23
[2020-01-15T02:51:40+00:00] INFO: The plugin path /etc/chef/ohai/plugins does not exist. Skipping...
[2020-01-15T02:51:40+00:00] WARN: Plugin Network: unable to detect ipaddress
[2020-01-15T02:51:41+00:00] INFO: Setting the run_list to ["recipe[gitlab]"] from CLI options
[2020-01-15T02:51:41+00:00] INFO: Run List is [recipe[gitlab]]
[2020-01-15T02:51:41+00:00] INFO: Run List expands to [gitlab]
[2020-01-15T02:51:41+00:00] INFO: Starting Chef Run for 5a5441f30445
[2020-01-15T02:51:41+00:00] INFO: Running start handlers
[2020-01-15T02:51:41+00:00] INFO: Start handlers complete.
[2020-01-15T02:51:43+00:00] INFO: Loading cookbooks [gitlab@0.0.1, package@0.1.0, postgresql@0.1.0, registry@0.1.0, mattermost@0.1.0, consul@0.0.0, gitaly@0.1.0, letsencrypt@0.1.0, nginx@0.1.0, runit@0.14.2, acme@3.1.0, crond@0.1.0, compat_resource@12.19.0]
[2020-01-15T02:51:44+00:00] WARN: Runtime directory '/run' is not a tmpfs.
[2020-01-15T02:51:45+00:00] WARN: Skipped selecting an init system because it looks like we are running in a container
[2020-01-15T02:51:45+00:00] INFO: The plugin path /etc/chef/ohai/plugins does not exist. Skipping...
[2020-01-15T02:51:46+00:00] INFO: execute[/opt/gitlab/embedded/service/gitlab-shell/bin/gitlab-keys check-permissions] ran successfully
[2020-01-15T02:51:47+00:00] INFO: execute[chown -R root:root /opt/gitlab/embedded/service/gitlab-rails/public] ran successfully
[2020-01-15T02:51:47+00:00] INFO: link[/opt/gitlab/service/redis] created
[2020-01-15T02:51:47+00:00] INFO: link[/opt/gitlab/service/postgresql] created
[2020-01-15T02:51:47+00:00] INFO: ruby_block[Link postgresql bin files to the correct version] called
