# Logfile created on 2020-01-15 03:34:49 +0000 by logger.rb/56438
[2020-01-15T03:34:50+00:00] INFO: Started chef-zero at chefzero://localhost:1 with repository at /opt/gitlab/embedded
  One version per cookbook

[2020-01-15T03:34:50+00:00] INFO: *** Chef 13.6.4 ***
[2020-01-15T03:34:50+00:00] INFO: Platform: x86_64-linux
[2020-01-15T03:34:50+00:00] INFO: Chef-client pid: 25
[2020-01-15T03:34:50+00:00] INFO: The plugin path /etc/chef/ohai/plugins does not exist. Skipping...
[2020-01-15T03:34:50+00:00] WARN: Plugin Network: unable to detect ipaddress
[2020-01-15T03:34:51+00:00] INFO: Setting the run_list to ["recipe[gitlab]"] from CLI options
[2020-01-15T03:34:51+00:00] INFO: Run List is [recipe[gitlab]]
[2020-01-15T03:34:51+00:00] INFO: Run List expands to [gitlab]
[2020-01-15T03:34:51+00:00] INFO: Starting Chef Run for 6346f6eccbbb
[2020-01-15T03:34:51+00:00] INFO: Running start handlers
[2020-01-15T03:34:51+00:00] INFO: Start handlers complete.
[2020-01-15T03:34:52+00:00] INFO: Loading cookbooks [gitlab@0.0.1, package@0.1.0, postgresql@0.1.0, registry@0.1.0, mattermost@0.1.0, consul@0.0.0, gitaly@0.1.0, letsencrypt@0.1.0, nginx@0.1.0, runit@0.14.2, acme@3.1.0, crond@0.1.0, compat_resource@12.19.0]
[2020-01-15T03:34:52+00:00] INFO: Storing updated cookbooks/gitlab/recipes/config.rb in the cache.
[2020-01-15T03:34:52+00:00] INFO: Storing updated cookbooks/gitlab/recipes/database_migrations.rb in the cache.
[2020-01-15T03:34:52+00:00] INFO: Storing updated cookbooks/gitlab/recipes/default.rb in the cache.
[2020-01-15T03:34:52+00:00] INFO: Storing updated cookbooks/gitlab/recipes/deprecate-skip-auto-migrations.rb in the cache.
[2020-01-15T03:34:52+00:00] INFO: Storing updated cookbooks/gitlab/recipes/gitlab-rails.rb in the cache.
[2020-01-15T03:34:52+00:00] INFO: Storing updated cookbooks/gitlab/recipes/gitlab-shell.rb in the cache.
[2020-01-15T03:34:52+00:00] INFO: Storing updated cookbooks/gitlab/recipes/gitlab-workhorse.rb in the cache.
[2020-01-15T03:34:52+00:00] INFO: Storing updated cookbooks/gitlab/recipes/bootstrap.rb in the cache.
[2020-01-15T03:34:52+00:00] INFO: Storing updated cookbooks/gitlab/recipes/letsencrypt_renew.rb in the cache.
[2020-01-15T03:34:52+00:00] INFO: Storing updated cookbooks/gitlab/recipes/logrotate.rb in the cache.
[2020-01-15T03:34:52+00:00] INFO: Storing updated cookbooks/gitlab/recipes/gitlab-pages.rb in the cache.
[2020-01-15T03:34:52+00:00] INFO: Storing updated cookbooks/gitlab/recipes/gitlab-healthcheck.rb in the cache.
[2020-01-15T03:34:52+00:00] INFO: Storing updated cookbooks/gitlab/recipes/mailroom.rb in the cache.
[2020-01-15T03:34:52+00:00] INFO: Storing updated cookbooks/gitlab/recipes/mailroom_disable.rb in the cache.
[2020-01-15T03:34:52+00:00] INFO: Storing updated cookbooks/gitlab/recipes/gitlab-prometheus.rb in the cache.
[2020-01-15T03:34:52+00:00] INFO: Storing updated cookbooks/gitlab/recipes/add_trusted_certs.rb in the cache.
[2020-01-15T03:34:52+00:00] INFO: Storing updated cookbooks/gitlab/recipes/node-exporter.rb in the cache.
[2020-01-15T03:34:52+00:00] INFO: Storing updated cookbooks/gitlab/recipes/gitlab-monitor.rb in the cache.
[2020-01-15T03:34:52+00:00] INFO: Storing updated cookbooks/gitlab/recipes/postgres-exporter.rb in the cache.
[2020-01-15T03:34:52+00:00] INFO: Storing updated cookbooks/gitlab/recipes/bootstrap_disable.rb in the cache.
[2020-01-15T03:34:52+00:00] INFO: Storing updated cookbooks/gitlab/recipes/gitlab-monitor_disable.rb in the cache.
[2020-01-15T03:34:52+00:00] INFO: Storing updated cookbooks/gitlab/recipes/prometheus_disable.rb in the cache.
[2020-01-15T03:34:52+00:00] INFO: Storing updated cookbooks/gitlab/recipes/prometheus_user.rb in the cache.
[2020-01-15T03:34:52+00:00] INFO: Storing updated cookbooks/gitlab/recipes/prometheus.rb in the cache.
[2020-01-15T03:34:52+00:00] INFO: Storing updated cookbooks/gitlab/recipes/redis-exporter_disable.rb in the cache.
[2020-01-15T03:34:52+00:00] INFO: Storing updated cookbooks/gitlab/recipes/redis.rb in the cache.
[2020-01-15T03:34:52+00:00] INFO: Storing updated cookbooks/gitlab/recipes/nginx_disable.rb in the cache.
[2020-01-15T03:34:52+00:00] INFO: Storing updated cookbooks/gitlab/recipes/remote-syslog.rb in the cache.
[2020-01-15T03:34:52+00:00] INFO: Storing updated cookbooks/gitlab/recipes/remote-syslog_disable.rb in the cache.
[2020-01-15T03:34:53+00:00] INFO: Storing updated cookbooks/gitlab/recipes/remove_accounts.rb in the cache.
[2020-01-15T03:34:52+00:00] INFO: Storing updated cookbooks/gitlab/recipes/postgres-exporter_disable.rb in the cache.
[2020-01-15T03:34:53+00:00] INFO: Storing updated cookbooks/gitlab/recipes/show_config.rb in the cache.
[2020-01-15T03:34:53+00:00] INFO: Storing updated cookbooks/gitlab/recipes/sidekiq.rb in the cache.
[2020-01-15T03:34:53+00:00] INFO: Storing updated cookbooks/gitlab/recipes/node-exporter_disable.rb in the cache.
[2020-01-15T03:34:53+00:00] INFO: Storing updated cookbooks/gitlab/recipes/storage-check.rb in the cache.
[2020-01-15T03:34:53+00:00] INFO: Storing updated cookbooks/gitlab/recipes/logrotate_folders_and_configs.rb in the cache.
[2020-01-15T03:34:53+00:00] INFO: Storing updated cookbooks/gitlab/recipes/nginx.rb in the cache.
[2020-01-15T03:34:53+00:00] INFO: Storing updated cookbooks/gitlab/recipes/logrotate_disable.rb in the cache.
[2020-01-15T03:34:53+00:00] INFO: Storing updated cookbooks/gitlab/recipes/gitlab-pages_disable.rb in the cache.
[2020-01-15T03:34:53+00:00] INFO: Storing updated cookbooks/gitlab/recipes/web-server.rb in the cache.
[2020-01-15T03:34:53+00:00] INFO: Storing updated cookbooks/gitlab/README.md in the cache.
[2020-01-15T03:34:53+00:00] INFO: Storing updated cookbooks/gitlab/recipes/gitlab-workhorse_disable.rb in the cache.
[2020-01-15T03:34:53+00:00] INFO: Storing updated cookbooks/gitlab/templates/default/aws.yml.erb in the cache.
[2020-01-15T03:34:53+00:00] INFO: Storing updated cookbooks/gitlab/templates/default/database.yml.erb in the cache.
[2020-01-15T03:34:53+00:00] INFO: Storing updated cookbooks/gitlab/recipes/redis_disable.rb in the cache.
[2020-01-15T03:34:53+00:00] INFO: Storing updated cookbooks/gitlab/recipes/storage-check_disable.rb in the cache.
[2020-01-15T03:34:53+00:00] INFO: Storing updated cookbooks/gitlab/templates/default/gitlab-healthcheck-rc.erb in the cache.
[2020-01-15T03:34:53+00:00] INFO: Storing updated cookbooks/gitlab/templates/default/gitlab-monitor.yml.erb in the cache.
[2020-01-15T03:34:53+00:00] INFO: Storing updated cookbooks/gitlab/recipes/sidekiq_disable.rb in the cache.
[2020-01-15T03:34:53+00:00] INFO: Storing updated cookbooks/gitlab/templates/default/gitlab-rails-rc.erb in the cache.
[2020-01-15T03:34:53+00:00] INFO: Storing updated cookbooks/gitlab/recipes/redis-exporter.rb in the cache.
[2020-01-15T03:34:53+00:00] INFO: Storing updated cookbooks/gitlab/recipes/users.rb in the cache.
[2020-01-15T03:34:53+00:00] INFO: Storing updated cookbooks/gitlab/templates/default/logrotate-service.erb in the cache.
[2020-01-15T03:34:53+00:00] INFO: Storing updated cookbooks/gitlab/recipes/unicorn_disable.rb in the cache.
[2020-01-15T03:34:53+00:00] INFO: Storing updated cookbooks/gitlab/templates/default/make_metrics_rundir.erb in the cache.
[2020-01-15T03:34:53+00:00] INFO: Storing updated cookbooks/gitlab/templates/default/mount_point_check.erb in the cache.
[2020-01-15T03:34:53+00:00] INFO: Storing updated cookbooks/gitlab/recipes/selinux.rb in the cache.
[2020-01-15T03:34:53+00:00] INFO: Storing updated cookbooks/gitlab/templates/default/gitconfig.erb in the cache.
[2020-01-15T03:34:53+00:00] INFO: Storing updated cookbooks/gitlab/templates/default/nginx-gitlab-pages-http.conf.erb in the cache.
[2020-01-15T03:34:53+00:00] INFO: Storing updated cookbooks/gitlab/templates/default/nginx-gitlab-registry-http.conf.erb in the cache.
[2020-01-15T03:34:53+00:00] INFO: Storing updated cookbooks/gitlab/templates/default/nginx-gitlab-mattermost-http.conf.erb in the cache.
[2020-01-15T03:34:53+00:00] INFO: Storing updated cookbooks/gitlab/templates/default/nginx.conf.erb in the cache.
[2020-01-15T03:34:53+00:00] INFO: Storing updated cookbooks/gitlab/templates/default/postgres-queries.yaml in the cache.
[2020-01-15T03:34:53+00:00] INFO: Storing updated cookbooks/gitlab/templates/default/gitlab.yml.erb in the cache.
[2020-01-15T03:34:53+00:00] INFO: Storing updated cookbooks/gitlab/recipes/unicorn.rb in the cache.
[2020-01-15T03:34:53+00:00] INFO: Storing updated cookbooks/gitlab/templates/default/redis.conf.erb in the cache.
[2020-01-15T03:34:53+00:00] INFO: Storing updated cookbooks/gitlab/templates/default/logrotate.conf.erb in the cache.
[2020-01-15T03:34:53+00:00] INFO: Storing updated cookbooks/gitlab/templates/default/resque.yml.erb in the cache.
[2020-01-15T03:34:53+00:00] INFO: Storing updated cookbooks/gitlab/metadata.rb in the cache.
[2020-01-15T03:34:53+00:00] INFO: Storing updated cookbooks/gitlab/templates/default/secrets.yml.erb in the cache.
[2020-01-15T03:34:53+00:00] INFO: Storing updated cookbooks/gitlab/templates/default/gitconfig-system.erb in the cache.
[2020-01-15T03:34:53+00:00] INFO: Storing updated cookbooks/gitlab/templates/default/sv-gitlab-monitor-log-config.erb in the cache.
[2020-01-15T03:34:53+00:00] INFO: Storing updated cookbooks/gitlab/templates/default/gitlab-shell-config.yml.erb in the cache.
[2020-01-15T03:34:53+00:00] INFO: Storing updated cookbooks/gitlab/templates/default/sv-gitlab-monitor-run.erb in the cache.
[2020-01-15T03:34:53+00:00] INFO: Storing updated cookbooks/gitlab/templates/default/sv-gitlab-pages-log-config.erb in the cache.
[2020-01-15T03:34:53+00:00] INFO: Storing updated cookbooks/gitlab/templates/default/nginx-gitlab-http.conf.erb in the cache.
[2020-01-15T03:34:53+00:00] INFO: Storing updated cookbooks/gitlab/templates/default/gitlab-rails-error.html.erb in the cache.
[2020-01-15T03:34:53+00:00] INFO: Storing updated cookbooks/gitlab/templates/default/sv-gitlab-workhorse-log-config.erb in the cache.
[2020-01-15T03:34:53+00:00] INFO: Storing updated cookbooks/gitlab/templates/default/sv-gitlab-workhorse-log-run.erb in the cache.
[2020-01-15T03:34:53+00:00] INFO: Storing updated cookbooks/gitlab/templates/default/rack_attack.rb.erb in the cache.
[2020-01-15T03:34:53+00:00] INFO: Storing updated cookbooks/gitlab/templates/default/sv-logrotate-control-t.erb in the cache.
[2020-01-15T03:34:53+00:00] INFO: Storing updated cookbooks/gitlab/templates/default/sv-logrotate-log-config.erb in the cache.
[2020-01-15T03:34:53+00:00] INFO: Storing updated cookbooks/gitlab/templates/default/nginx-status.conf.erb in the cache.
[2020-01-15T03:34:53+00:00] INFO: Storing updated cookbooks/gitlab/templates/default/sv-logrotate-run.erb in the cache.
[2020-01-15T03:34:53+00:00] INFO: Storing updated cookbooks/gitlab/templates/default/postgresql-init.erb in the cache.
[2020-01-15T03:34:53+00:00] INFO: Storing updated cookbooks/gitlab/templates/default/sv-mailroom-log-config.erb in the cache.
[2020-01-15T03:34:53+00:00] INFO: Storing updated cookbooks/gitlab/templates/default/sv-mailroom-log-run.erb in the cache.
[2020-01-15T03:34:53+00:00] INFO: Storing updated cookbooks/gitlab/templates/default/sv-gitlab-monitor-log-run.erb in the cache.
[2020-01-15T03:34:53+00:00] INFO: Storing updated cookbooks/gitlab/templates/default/sv-node-exporter-log-config.erb in the cache.
[2020-01-15T03:34:53+00:00] INFO: Storing updated cookbooks/gitlab/templates/default/sv-gitlab-pages-run.erb in the cache.
[2020-01-15T03:34:53+00:00] INFO: Storing updated cookbooks/gitlab/templates/default/sv-gitlab-workhorse-run.erb in the cache.
[2020-01-15T03:34:53+00:00] INFO: Storing updated cookbooks/gitlab/templates/default/sv-postgres-exporter-log-config.erb in the cache.
[2020-01-15T03:34:53+00:00] INFO: Storing updated cookbooks/gitlab/templates/default/smtp_settings.rb.erb in the cache.
[2020-01-15T03:34:53+00:00] INFO: Storing updated cookbooks/gitlab/templates/default/sv-postgres-exporter-run.erb in the cache.
[2020-01-15T03:34:53+00:00] INFO: Storing updated cookbooks/gitlab/templates/default/secret_token.erb in the cache.
[2020-01-15T03:34:53+00:00] INFO: Storing updated cookbooks/gitlab/templates/default/sv-prometheus-log-run.erb in the cache.
[2020-01-15T03:34:53+00:00] INFO: Storing updated cookbooks/gitlab/templates/default/remote_syslog.yml.erb in the cache.
[2020-01-15T03:34:53+00:00] INFO: Storing updated cookbooks/gitlab/templates/default/sv-redis-exporter-log-config.erb in the cache.
[2020-01-15T03:34:53+00:00] INFO: Storing updated cookbooks/gitlab/templates/default/sv-mailroom-finish.erb in the cache.
[2020-01-15T03:34:53+00:00] INFO: Storing updated cookbooks/gitlab/templates/default/sv-gitlab-pages-log-run.erb in the cache.
[2020-01-15T03:34:53+00:00] INFO: Storing updated cookbooks/gitlab/templates/default/sv-node-exporter-run.erb in the cache.
[2020-01-15T03:34:53+00:00] INFO: Storing updated cookbooks/gitlab/templates/default/sv-redis-log-run.erb in the cache.
[2020-01-15T03:34:53+00:00] INFO: Storing updated cookbooks/gitlab/templates/default/sv-redis-exporter-log-run.erb in the cache.
[2020-01-15T03:34:53+00:00] INFO: Storing updated cookbooks/gitlab/templates/default/sv-prometheus-log-config.erb in the cache.
[2020-01-15T03:34:53+00:00] INFO: Storing updated cookbooks/gitlab/templates/default/sv-prometheus-run.erb in the cache.
[2020-01-15T03:34:53+00:00] INFO: Storing updated cookbooks/gitlab/templates/default/sv-remote-syslog-run.erb in the cache.
[2020-01-15T03:34:53+00:00] INFO: Storing updated cookbooks/gitlab/templates/default/sv-node-exporter-log-run.erb in the cache.
[2020-01-15T03:34:53+00:00] INFO: Storing updated cookbooks/gitlab/templates/default/sv-redis-log-config.erb in the cache.
[2020-01-15T03:34:53+00:00] INFO: Storing updated cookbooks/gitlab/templates/default/sv-sidekiq-run.erb in the cache.
[2020-01-15T03:34:53+00:00] INFO: Storing updated cookbooks/gitlab/templates/default/sv-mailroom-run.erb in the cache.
[2020-01-15T03:34:53+00:00] INFO: Storing updated cookbooks/gitlab/templates/default/sv-storage-check-log-run.erb in the cache.
[2020-01-15T03:34:53+00:00] INFO: Storing updated cookbooks/gitlab/templates/default/sv-redis-exporter-run.erb in the cache.
[2020-01-15T03:34:53+00:00] INFO: Storing updated cookbooks/gitlab/templates/default/sv-unicorn-control-h.erb in the cache.
[2020-01-15T03:34:53+00:00] INFO: Storing updated cookbooks/gitlab/templates/default/sv-remote-syslog-log-run.erb in the cache.
[2020-01-15T03:34:53+00:00] INFO: Storing updated cookbooks/gitlab/templates/default/sv-unicorn-log-config.erb in the cache.
[2020-01-15T03:34:53+00:00] INFO: Storing updated cookbooks/gitlab/templates/default/sv-redis-run.erb in the cache.
[2020-01-15T03:34:53+00:00] INFO: Storing updated cookbooks/gitlab/templates/default/sv-unicorn-run.erb in the cache.
[2020-01-15T03:34:53+00:00] INFO: Storing updated cookbooks/gitlab/templates/default/sv-sidekiq-log-run.erb in the cache.
[2020-01-15T03:34:53+00:00] INFO: Storing updated cookbooks/gitlab/templates/default/workhorse-config.toml.erb in the cache.
[2020-01-15T03:34:53+00:00] INFO: Storing updated cookbooks/gitlab/templates/default/sv-sidekiq-log-config.erb in the cache.
[2020-01-15T03:34:53+00:00] INFO: Storing updated cookbooks/gitlab/templates/default/sv-postgres-exporter-log-run.erb in the cache.
[2020-01-15T03:34:53+00:00] INFO: Storing updated cookbooks/gitlab/definitions/sidekiq_service.rb in the cache.
[2020-01-15T03:34:53+00:00] INFO: Storing updated cookbooks/gitlab/templates/default/sv-logrotate-log-run.erb in the cache.
[2020-01-15T03:34:53+00:00] INFO: Storing updated cookbooks/gitlab/definitions/unicorn_service.rb in the cache.
[2020-01-15T03:34:53+00:00] INFO: Storing updated cookbooks/gitlab/templates/default/sv-remote-syslog-log-config.erb in the cache.
[2020-01-15T03:34:53+00:00] INFO: Storing updated cookbooks/gitlab/libraries/gitlab_mattermost.rb in the cache.
[2020-01-15T03:34:53+00:00] INFO: Storing updated cookbooks/gitlab/definitions/redis_service.rb in the cache.
[2020-01-15T03:34:53+00:00] INFO: Storing updated cookbooks/gitlab/libraries/gitlab_pages.rb in the cache.
[2020-01-15T03:34:53+00:00] INFO: Storing updated cookbooks/gitlab/templates/default/sv-storage-check-run.erb in the cache.
[2020-01-15T03:34:53+00:00] INFO: Storing updated cookbooks/gitlab/libraries/gitlab_shell.rb in the cache.
[2020-01-15T03:34:53+00:00] INFO: Storing updated cookbooks/gitlab/templates/default/sv-unicorn-control-t.erb in the cache.
[2020-01-15T03:34:53+00:00] INFO: Storing updated cookbooks/gitlab/libraries/helper.rb in the cache.
[2020-01-15T03:34:53+00:00] INFO: Storing updated cookbooks/gitlab/templates/default/sv-storage-check-log-config.erb in the cache.
[2020-01-15T03:34:53+00:00] INFO: Storing updated cookbooks/gitlab/libraries/helpers/base_pg_helper.rb in the cache.
[2020-01-15T03:34:53+00:00] INFO: Storing updated cookbooks/gitlab/libraries/helpers/geo_pg_helper.rb in the cache.
[2020-01-15T03:34:53+00:00] INFO: Storing updated cookbooks/gitlab/templates/default/sv-unicorn-log-run.erb in the cache.
[2020-01-15T03:34:53+00:00] INFO: Storing updated cookbooks/gitlab/templates/default/unicorn.rb.erb in the cache.
[2020-01-15T03:34:53+00:00] INFO: Storing updated cookbooks/gitlab/attributes/default.rb in the cache.
[2020-01-15T03:34:53+00:00] INFO: Storing updated cookbooks/gitlab/libraries/logging.rb in the cache.
[2020-01-15T03:34:53+00:00] INFO: Storing updated cookbooks/gitlab/libraries/account_helper.rb in the cache.
[2020-01-15T03:34:53+00:00] INFO: Storing updated cookbooks/gitlab/libraries/postgresql.rb in the cache.
[2020-01-15T03:34:53+00:00] INFO: Storing updated cookbooks/gitlab/libraries/prometheus.rb in the cache.
[2020-01-15T03:34:53+00:00] INFO: Storing updated cookbooks/gitlab/definitions/unicorn_config.rb in the cache.
[2020-01-15T03:34:53+00:00] INFO: Storing updated cookbooks/gitlab/libraries/helpers/base_helper.rb in the cache.
[2020-01-15T03:34:53+00:00] INFO: Storing updated cookbooks/gitlab/libraries/redis_helper.rb in the cache.
[2020-01-15T03:34:53+00:00] INFO: Storing updated cookbooks/gitlab/libraries/incoming_email.rb in the cache.
[2020-01-15T03:34:53+00:00] INFO: Storing updated cookbooks/gitlab/libraries/registry.rb in the cache.
[2020-01-15T03:34:53+00:00] INFO: Storing updated cookbooks/gitlab/libraries/gitlab_workhorse.rb in the cache.
[2020-01-15T03:34:53+00:00] INFO: Storing updated cookbooks/gitlab/libraries/unicorn.rb in the cache.
[2020-01-15T03:34:53+00:00] INFO: Storing updated cookbooks/gitlab/libraries/helpers/authorizer_helper.rb in the cache.
[2020-01-15T03:34:53+00:00] INFO: Storing updated cookbooks/gitlab/libraries/gitlab_rails.rb in the cache.
[2020-01-15T03:34:53+00:00] INFO: Storing updated cookbooks/package/libraries/certificate_helper.rb in the cache.
[2020-01-15T03:34:53+00:00] INFO: Storing updated cookbooks/package/libraries/config/gitlab.rb in the cache.
[2020-01-15T03:34:53+00:00] INFO: Storing updated cookbooks/gitlab/libraries/helpers/pg_helper.rb in the cache.
[2020-01-15T03:34:53+00:00] INFO: Storing updated cookbooks/package/libraries/config/roles/consul.rb in the cache.
[2020-01-15T03:34:53+00:00] INFO: Storing updated cookbooks/package/libraries/config/roles/default.rb in the cache.
[2020-01-15T03:34:53+00:00] INFO: Storing updated cookbooks/gitlab/libraries/helpers/gitlab_rails.rb in the cache.
[2020-01-15T03:34:53+00:00] INFO: Storing updated cookbooks/package/libraries/config/roles/geo_secondary.rb in the cache.
[2020-01-15T03:34:53+00:00] INFO: Storing updated cookbooks/gitlab/libraries/redis.rb in the cache.
[2020-01-15T03:34:53+00:00] INFO: Storing updated cookbooks/gitlab/libraries/nginx.rb in the cache.
[2020-01-15T03:34:53+00:00] INFO: Storing updated cookbooks/package/libraries/config/roles/redis_master.rb in the cache.
[2020-01-15T03:34:53+00:00] INFO: Storing updated cookbooks/package/attributes/default.rb in the cache.
[2020-01-15T03:34:53+00:00] INFO: Storing updated cookbooks/gitlab/libraries/prometheus_helper.rb in the cache.
[2020-01-15T03:34:53+00:00] INFO: Storing updated cookbooks/package/metadata.rb in the cache.
[2020-01-15T03:34:53+00:00] INFO: Storing updated cookbooks/gitlab/libraries/redis_uri.rb in the cache.
[2020-01-15T03:34:53+00:00] INFO: Storing updated cookbooks/package/libraries/handlers/gitlab.rb in the cache.
[2020-01-15T03:34:53+00:00] INFO: Storing updated cookbooks/package/libraries/config/roles/postgres.rb in the cache.
[2020-01-15T03:34:53+00:00] INFO: Storing updated cookbooks/package/libraries/config/services.rb in the cache.
[2020-01-15T03:34:53+00:00] INFO: Storing updated cookbooks/package/libraries/helpers/output_helper.rb in the cache.
[2020-01-15T03:34:53+00:00] INFO: Storing updated cookbooks/package/libraries/config/roles/geo_primary.rb in the cache.
[2020-01-15T03:34:53+00:00] INFO: Storing updated cookbooks/package/libraries/helpers/roles_helper.rb in the cache.
[2020-01-15T03:34:53+00:00] INFO: Storing updated cookbooks/package/libraries/config/roles/application.rb in the cache.
[2020-01-15T03:34:53+00:00] INFO: Storing updated cookbooks/package/libraries/helpers/services_helper.rb in the cache.
[2020-01-15T03:34:53+00:00] INFO: Storing updated cookbooks/package/libraries/helpers/settings_helper.rb in the cache.
[2020-01-15T03:34:53+00:00] INFO: Storing updated cookbooks/package/libraries/config/roles/pgbouncer.rb in the cache.
[2020-01-15T03:34:53+00:00] INFO: Storing updated cookbooks/package/libraries/helpers/version_helper.rb in the cache.
[2020-01-15T03:34:53+00:00] INFO: Storing updated cookbooks/package/libraries/config/roles/redis_sentinel.rb in the cache.
[2020-01-15T03:34:53+00:00] INFO: Storing updated cookbooks/package/libraries/storage_directory_helper.rb in the cache.
[2020-01-15T03:34:53+00:00] INFO: Storing updated cookbooks/package/resources/account.rb in the cache.
[2020-01-15T03:34:53+00:00] INFO: Storing updated cookbooks/gitlab/libraries/storage_check.rb in the cache.
[2020-01-15T03:34:53+00:00] INFO: Storing updated cookbooks/package/resources/storage_directory.rb in the cache.
[2020-01-15T03:34:53+00:00] INFO: Storing updated cookbooks/package/resources/sysctl.rb in the cache.
[2020-01-15T03:34:53+00:00] INFO: Storing updated cookbooks/package/libraries/helpers/logging_helper.rb in the cache.
[2020-01-15T03:34:53+00:00] INFO: Storing updated cookbooks/postgresql/recipes/bin.rb in the cache.
[2020-01-15T03:34:53+00:00] INFO: Storing updated cookbooks/postgresql/recipes/disable.rb in the cache.
[2020-01-15T03:34:53+00:00] INFO: Storing updated cookbooks/postgresql/recipes/enable.rb in the cache.
[2020-01-15T03:34:53+00:00] INFO: Storing updated cookbooks/package/libraries/formatters/gitlab.rb in the cache.
[2020-01-15T03:34:53+00:00] INFO: Storing updated cookbooks/postgresql/metadata.rb in the cache.
[2020-01-15T03:34:53+00:00] INFO: Storing updated cookbooks/postgresql/templates/default/gitlab-psql-rc.erb in the cache.
[2020-01-15T03:34:53+00:00] INFO: Storing updated cookbooks/postgresql/templates/default/pg_hba.conf.erb in the cache.
[2020-01-15T03:34:53+00:00] INFO: Storing updated cookbooks/package/libraries/omnibus_helper.rb in the cache.
[2020-01-15T03:34:53+00:00] INFO: Storing updated cookbooks/postgresql/templates/default/postgresql-runtime.conf.erb in the cache.
[2020-01-15T03:34:53+00:00] INFO: Storing updated cookbooks/package/libraries/helper.rb in the cache.
[2020-01-15T03:34:53+00:00] INFO: Storing updated cookbooks/postgresql/templates/default/postgresql.conf.erb in the cache.
[2020-01-15T03:34:53+00:00] INFO: Storing updated cookbooks/package/libraries/helpers/redhat_helper.rb in the cache.
[2020-01-15T03:34:53+00:00] INFO: Storing updated cookbooks/postgresql/templates/default/sv-postgresql-log-run.erb in the cache.
[2020-01-15T03:34:53+00:00] INFO: Storing updated cookbooks/package/resources/env_dir.rb in the cache.
[2020-01-15T03:34:53+00:00] INFO: Storing updated cookbooks/package/libraries/helpers/shell_out_helper.rb in the cache.
[2020-01-15T03:34:53+00:00] INFO: Storing updated cookbooks/postgresql/resources/extension.rb in the cache.
[2020-01-15T03:34:53+00:00] INFO: Storing updated cookbooks/package/libraries/helpers/secrets_helper.rb in the cache.
[2020-01-15T03:34:53+00:00] INFO: Storing updated cookbooks/postgresql/resources/schema.rb in the cache.
[2020-01-15T03:34:53+00:00] INFO: Storing updated cookbooks/package/libraries/config_mash.rb in the cache.
[2020-01-15T03:34:53+00:00] INFO: Storing updated cookbooks/registry/recipes/disable.rb in the cache.
[2020-01-15T03:34:53+00:00] INFO: Storing updated cookbooks/package/resources/templatesymlink.rb in the cache.
[2020-01-15T03:34:53+00:00] INFO: Storing updated cookbooks/registry/metadata.rb in the cache.
[2020-01-15T03:34:53+00:00] INFO: Storing updated cookbooks/registry/templates/default/registry-config.yml.erb in the cache.
[2020-01-15T03:34:53+00:00] INFO: Storing updated cookbooks/registry/templates/default/sv-registry-log-config.erb in the cache.
[2020-01-15T03:34:53+00:00] INFO: Storing updated cookbooks/postgresql/resources/database.rb in the cache.
[2020-01-15T03:34:53+00:00] INFO: Storing updated cookbooks/registry/templates/default/sv-registry-run.erb in the cache.
[2020-01-15T03:34:53+00:00] INFO: Storing updated cookbooks/registry/attributes/default.rb in the cache.
[2020-01-15T03:34:53+00:00] INFO: Storing updated cookbooks/postgresql/recipes/user.rb in the cache.
[2020-01-15T03:34:53+00:00] INFO: Storing updated cookbooks/mattermost/recipes/enable.rb in the cache.
[2020-01-15T03:34:53+00:00] INFO: Storing updated cookbooks/postgresql/templates/default/sv-postgresql-log-config.erb in the cache.
[2020-01-15T03:34:53+00:00] INFO: Storing updated cookbooks/mattermost/templates/default/config.json.erb in the cache.
[2020-01-15T03:34:53+00:00] INFO: Storing updated cookbooks/postgresql/resources/query.rb in the cache.
[2020-01-15T03:34:53+00:00] INFO: Storing updated cookbooks/mattermost/templates/default/sv-mattermost-log-run.erb in the cache.
[2020-01-15T03:34:53+00:00] INFO: Storing updated cookbooks/postgresql/resources/user.rb in the cache.
[2020-01-15T03:34:53+00:00] INFO: Storing updated cookbooks/mattermost/attributes/default.rb in the cache.
[2020-01-15T03:34:53+00:00] INFO: Storing updated cookbooks/mattermost/libraries/mattermost_helper.rb in the cache.
[2020-01-15T03:34:53+00:00] INFO: Storing updated cookbooks/consul/recipes/disable.rb in the cache.
[2020-01-15T03:34:53+00:00] INFO: Storing updated cookbooks/mattermost/recipes/disable.rb in the cache.
[2020-01-15T03:34:53+00:00] INFO: Storing updated cookbooks/postgresql/templates/default/sv-postgresql-control-t.erb in the cache.
[2020-01-15T03:34:53+00:00] INFO: Storing updated cookbooks/consul/recipes/enable_daemon.rb in the cache.
[2020-01-15T03:34:53+00:00] INFO: Storing updated cookbooks/postgresql/templates/default/pg_ident.conf.erb in the cache.
[2020-01-15T03:34:53+00:00] INFO: Storing updated cookbooks/registry/recipes/enable.rb in the cache.
[2020-01-15T03:34:53+00:00] INFO: Storing updated cookbooks/consul/templates/default/sv-consul-log-config.erb in the cache.
[2020-01-15T03:34:53+00:00] INFO: Storing updated cookbooks/registry/templates/default/sv-registry-log-run.erb in the cache.
[2020-01-15T03:34:53+00:00] INFO: Storing updated cookbooks/mattermost/templates/default/sv-mattermost-run.erb in the cache.
[2020-01-15T03:34:53+00:00] INFO: Storing updated cookbooks/consul/templates/default/watcher_scripts/failover_pgbouncer.erb in the cache.
[2020-01-15T03:34:53+00:00] INFO: Storing updated cookbooks/postgresql/templates/default/sv-postgresql-run.erb in the cache.
[2020-01-15T03:34:53+00:00] INFO: Storing updated cookbooks/consul/attributes/services.rb in the cache.
[2020-01-15T03:34:53+00:00] INFO: Storing updated cookbooks/mattermost/metadata.rb in the cache.
[2020-01-15T03:34:53+00:00] INFO: Storing updated cookbooks/consul/libraries/consul_helper.rb in the cache.
[2020-01-15T03:34:53+00:00] INFO: Storing updated cookbooks/gitaly/recipes/disable.rb in the cache.
[2020-01-15T03:34:53+00:00] INFO: Storing updated cookbooks/mattermost/templates/default/sv-mattermost-log-config.erb in the cache.
[2020-01-15T03:34:53+00:00] INFO: Storing updated cookbooks/consul/recipes/watchers.rb in the cache.
[2020-01-15T03:34:53+00:00] INFO: Storing updated cookbooks/gitaly/metadata.rb in the cache.
[2020-01-15T03:34:53+00:00] INFO: Storing updated cookbooks/gitaly/templates/default/gitaly-config.toml.erb in the cache.
[2020-01-15T03:34:53+00:00] INFO: Storing updated cookbooks/consul/templates/default/sv-consul-run.erb in the cache.
[2020-01-15T03:34:53+00:00] INFO: Storing updated cookbooks/consul/recipes/service_postgresql.rb in the cache.
[2020-01-15T03:34:53+00:00] INFO: Storing updated cookbooks/consul/recipes/enable.rb in the cache.
[2020-01-15T03:34:53+00:00] INFO: Storing updated cookbooks/consul/attributes/watchers.rb in the cache.
[2020-01-15T03:34:53+00:00] INFO: Storing updated cookbooks/consul/recipes/disable_daemon.rb in the cache.
[2020-01-15T03:34:53+00:00] INFO: Storing updated cookbooks/consul/templates/default/sv-consul-log-run.erb in the cache.
[2020-01-15T03:34:53+00:00] INFO: Storing updated cookbooks/gitaly/templates/default/sv-gitaly-log-config.erb in the cache.
[2020-01-15T03:34:53+00:00] INFO: Storing updated cookbooks/gitaly/templates/default/sv-gitaly-log-run.erb in the cache.
[2020-01-15T03:34:53+00:00] INFO: Storing updated cookbooks/consul/attributes/default.rb in the cache.
[2020-01-15T03:34:53+00:00] INFO: Storing updated cookbooks/gitaly/attributes/default.rb in the cache.
[2020-01-15T03:34:53+00:00] INFO: Storing updated cookbooks/gitaly/libraries/gitaly.rb in the cache.
[2020-01-15T03:34:53+00:00] INFO: Storing updated cookbooks/letsencrypt/recipes/disable.rb in the cache.
[2020-01-15T03:34:53+00:00] INFO: Storing updated cookbooks/gitaly/recipes/enable.rb in the cache.
[2020-01-15T03:34:53+00:00] INFO: Storing updated cookbooks/letsencrypt/recipes/http_authorization.rb in the cache.
[2020-01-15T03:34:53+00:00] INFO: Storing updated cookbooks/letsencrypt/metadata.rb in the cache.
[2020-01-15T03:34:53+00:00] INFO: Storing updated cookbooks/letsencrypt/attributes/default.rb in the cache.
[2020-01-15T03:34:53+00:00] INFO: Storing updated cookbooks/letsencrypt/libraries/lets_encrypt.rb in the cache.
[2020-01-15T03:34:53+00:00] INFO: Storing updated cookbooks/letsencrypt/resources/certificate.rb in the cache.
[2020-01-15T03:34:53+00:00] INFO: Storing updated cookbooks/nginx/metadata.rb in the cache.
[2020-01-15T03:34:53+00:00] INFO: Storing updated cookbooks/nginx/templates/default/sv-nginx-log-run.erb in the cache.
[2020-01-15T03:34:53+00:00] INFO: Storing updated cookbooks/nginx/templates/default/sv-nginx-run.erb in the cache.
[2020-01-15T03:34:53+00:00] INFO: Storing updated cookbooks/runit/recipes/default.rb in the cache.
[2020-01-15T03:34:53+00:00] INFO: Storing updated cookbooks/runit/recipes/systemd.rb in the cache.
[2020-01-15T03:34:53+00:00] INFO: Storing updated cookbooks/runit/recipes/upstart.rb in the cache.
[2020-01-15T03:34:53+00:00] INFO: Storing updated cookbooks/runit/README.md in the cache.
[2020-01-15T03:34:53+00:00] INFO: Storing updated cookbooks/runit/metadata.rb in the cache.
[2020-01-15T03:34:53+00:00] INFO: Storing updated cookbooks/letsencrypt/libraries/helper.rb in the cache.
[2020-01-15T03:34:53+00:00] INFO: Storing updated cookbooks/runit/definitions/runit_service.rb in the cache.
[2020-01-15T03:34:53+00:00] INFO: Storing updated cookbooks/runit/files/default/gitlab-runsvdir.conf in the cache.
[2020-01-15T03:34:53+00:00] INFO: Storing updated cookbooks/runit/files/default/gitlab-runsvdir.service in the cache.
[2020-01-15T03:34:53+00:00] INFO: Storing updated cookbooks/gitaly/templates/default/sv-gitaly-run.erb in the cache.
[2020-01-15T03:34:53+00:00] INFO: Storing updated cookbooks/letsencrypt/README.md in the cache.
[2020-01-15T03:34:53+00:00] INFO: Storing updated cookbooks/acme/recipes/default.rb in the cache.
[2020-01-15T03:34:53+00:00] INFO: Storing updated cookbooks/letsencrypt/recipes/enable.rb in the cache.
[2020-01-15T03:34:53+00:00] INFO: Storing updated cookbooks/acme/Berksfile in the cache.
[2020-01-15T03:34:53+00:00] INFO: Storing updated cookbooks/acme/.gitignore in the cache.
[2020-01-15T03:34:53+00:00] INFO: Storing updated cookbooks/nginx/recipes/enable.rb in the cache.
[2020-01-15T03:34:53+00:00] INFO: Storing updated cookbooks/acme/README.md in the cache.
[2020-01-15T03:34:53+00:00] INFO: Storing updated cookbooks/acme/Rakefile in the cache.
[2020-01-15T03:34:53+00:00] INFO: Storing updated cookbooks/acme/.kitchen.digitalocean.yml in the cache.
[2020-01-15T03:34:53+00:00] INFO: Storing updated cookbooks/nginx/templates/default/sv-nginx-log-config.erb in the cache.
[2020-01-15T03:34:53+00:00] INFO: Storing updated cookbooks/runit/recipes/sysvinit.rb in the cache.
[2020-01-15T03:34:53+00:00] INFO: Storing updated cookbooks/acme/metadata.rb in the cache.
[2020-01-15T03:34:53+00:00] INFO: Storing updated cookbooks/acme/templates/acme-challange.nginx.erb in the cache.
[2020-01-15T03:34:53+00:00] INFO: Storing updated cookbooks/acme/.ruby-version in the cache.
[2020-01-15T03:34:53+00:00] INFO: Storing updated cookbooks/runit/attributes/default.rb in the cache.
[2020-01-15T03:34:53+00:00] INFO: Storing updated cookbooks/acme/providers/ssl_key.rb in the cache.
[2020-01-15T03:34:53+00:00] INFO: Storing updated cookbooks/acme/attributes/default.rb in the cache.
[2020-01-15T03:34:53+00:00] INFO: Storing updated cookbooks/acme/providers/selfsigned.rb in the cache.
[2020-01-15T03:34:53+00:00] INFO: Storing updated cookbooks/acme/LICENSE in the cache.
[2020-01-15T03:34:53+00:00] INFO: Storing updated cookbooks/acme/test/fixtures/cookbooks/acme_client/attributes/default.rb in the cache.
[2020-01-15T03:34:53+00:00] INFO: Storing updated cookbooks/acme/.kitchen.dokken.yml in the cache.
[2020-01-15T03:34:53+00:00] INFO: Storing updated cookbooks/acme/test/fixtures/cookbooks/acme_client/metadata.rb in the cache.
[2020-01-15T03:34:53+00:00] INFO: Storing updated cookbooks/acme/test/fixtures/cookbooks/acme_client/recipes/default.rb in the cache.
[2020-01-15T03:34:53+00:00] INFO: Storing updated cookbooks/acme/test/fixtures/cookbooks/acme_client/recipes/nginx.rb in the cache.
[2020-01-15T03:34:53+00:00] INFO: Storing updated cookbooks/acme/test/fixtures/cookbooks/acme_client/recipes/ssl.rb in the cache.
[2020-01-15T03:34:53+00:00] INFO: Storing updated cookbooks/acme/test/fixtures/cookbooks/acme_server/metadata.rb in the cache.
[2020-01-15T03:34:53+00:00] INFO: Storing updated cookbooks/acme/test/fixtures/cookbooks/acme_server/recipes/default.rb in the cache.
[2020-01-15T03:34:53+00:00] INFO: Storing updated cookbooks/acme/.travis.yml in the cache.
[2020-01-15T03:34:53+00:00] INFO: Storing updated cookbooks/acme/test/integration/http/serverspec/certificate_spec.rb in the cache.
[2020-01-15T03:34:53+00:00] INFO: Storing updated cookbooks/acme/test/integration/ssl/serverspec/Gemfile in the cache.
[2020-01-15T03:34:53+00:00] INFO: Storing updated cookbooks/acme/chefignore in the cache.
[2020-01-15T03:34:53+00:00] INFO: Storing updated cookbooks/acme/providers/certificate.rb in the cache.
[2020-01-15T03:34:53+00:00] INFO: Storing updated cookbooks/acme/Gemfile in the cache.
[2020-01-15T03:34:53+00:00] INFO: Storing updated cookbooks/acme/CHANGELOG.md in the cache.
[2020-01-15T03:34:53+00:00] INFO: Storing updated cookbooks/acme/.kitchen.yml in the cache.
[2020-01-15T03:34:53+00:00] INFO: Storing updated cookbooks/acme/test/fixtures/cookbooks/acme_client/files/index.html in the cache.
[2020-01-15T03:34:53+00:00] INFO: Storing updated cookbooks/acme/libraries/acme.rb in the cache.
[2020-01-15T03:34:53+00:00] INFO: Storing updated cookbooks/acme/libraries/ssl_certificate/nginx.rb in the cache.
[2020-01-15T03:34:53+00:00] INFO: Storing updated cookbooks/acme/test/fixtures/cookbooks/acme_client/templates/nginx-test.conf in the cache.
[2020-01-15T03:34:53+00:00] INFO: Storing updated cookbooks/acme/test/fixtures/cookbooks/acme_client/recipes/http.rb in the cache.
[2020-01-15T03:34:53+00:00] INFO: Storing updated cookbooks/acme/.rubocop.yml in the cache.
[2020-01-15T03:34:53+00:00] INFO: Storing updated cookbooks/acme/libraries/matchers.rb in the cache.
[2020-01-15T03:34:53+00:00] INFO: Storing updated cookbooks/acme/test/integration/ssl/serverspec/certificate_spec.rb in the cache.
[2020-01-15T03:34:53+00:00] INFO: Storing updated cookbooks/acme/test/integration/http/serverspec/Gemfile in the cache.
[2020-01-15T03:34:53+00:00] INFO: Storing updated cookbooks/acme/resources/selfsigned.rb in the cache.
[2020-01-15T03:34:53+00:00] INFO: Storing updated cookbooks/acme/resources/ssl_certificate.rb in the cache.
[2020-01-15T03:34:53+00:00] INFO: Storing updated cookbooks/acme/resources/ssl_key.rb in the cache.
[2020-01-15T03:34:53+00:00] INFO: Storing updated cookbooks/crond/recipes/enable.rb in the cache.
[2020-01-15T03:34:53+00:00] INFO: Storing updated cookbooks/crond/metadata.rb in the cache.
[2020-01-15T03:34:53+00:00] INFO: Storing updated cookbooks/acme/resources/certificate.rb in the cache.
[2020-01-15T03:34:53+00:00] INFO: Storing updated cookbooks/crond/templates/default/sv-crond-log-run.erb in the cache.
[2020-01-15T03:34:53+00:00] INFO: Storing updated cookbooks/crond/templates/default/sv-crond-run.erb in the cache.
[2020-01-15T03:34:53+00:00] INFO: Storing updated cookbooks/crond/resources/job.rb in the cache.
[2020-01-15T03:34:53+00:00] INFO: Storing updated cookbooks/compat_resource/ci/chefspec/Berksfile in the cache.
[2020-01-15T03:34:53+00:00] INFO: Storing updated cookbooks/acme/libraries/ssl_certificate.rb in the cache.
[2020-01-15T03:34:53+00:00] INFO: Storing updated cookbooks/compat_resource/ci/chefspec/Gemfile in the cache.
[2020-01-15T03:34:53+00:00] INFO: Storing updated cookbooks/compat_resource/ci/chefspec/recipes/default.rb in the cache.
[2020-01-15T03:34:53+00:00] INFO: Storing updated cookbooks/compat_resource/ci/chefspec/spec/spec_helper.rb in the cache.
[2020-01-15T03:34:53+00:00] INFO: Storing updated cookbooks/compat_resource/.gitignore in the cache.
[2020-01-15T03:34:53+00:00] INFO: Storing updated cookbooks/compat_resource/TESTING.md in the cache.
[2020-01-15T03:34:53+00:00] INFO: Storing updated cookbooks/compat_resource/README.md in the cache.
[2020-01-15T03:34:53+00:00] INFO: Storing updated cookbooks/compat_resource/run_all.rb in the cache.
[2020-01-15T03:34:53+00:00] INFO: Storing updated cookbooks/compat_resource/tasks/maintainers.rb in the cache.
[2020-01-15T03:34:53+00:00] INFO: Storing updated cookbooks/compat_resource/ci/chefspec/metadata.rb in the cache.
[2020-01-15T03:34:53+00:00] INFO: Storing updated cookbooks/compat_resource/ci/chefspec/spec/default_spec.rb in the cache.
[2020-01-15T03:34:53+00:00] INFO: Storing updated cookbooks/crond/recipes/disable.rb in the cache.
[2020-01-15T03:34:53+00:00] INFO: Storing updated cookbooks/crond/templates/default/sv-crond-log-config.erb in the cache.
[2020-01-15T03:34:53+00:00] INFO: Storing updated cookbooks/crond/attributes/default.rb in the cache.
[2020-01-15T03:34:53+00:00] INFO: Storing updated cookbooks/compat_resource/chefignore in the cache.
[2020-01-15T03:34:53+00:00] INFO: Storing updated cookbooks/compat_resource/metadata.rb in the cache.
[2020-01-15T03:34:53+00:00] INFO: Storing updated cookbooks/compat_resource/CONTRIBUTING.md in the cache.
[2020-01-15T03:34:53+00:00] INFO: Storing updated cookbooks/compat_resource/spec/cookbook_spec.rb in the cache.
[2020-01-15T03:34:53+00:00] INFO: Storing updated cookbooks/compat_resource/spec/data/Gemfile in the cache.
[2020-01-15T03:34:53+00:00] INFO: Storing updated cookbooks/compat_resource/spec/data/cookbooks/before/metadata.rb in the cache.
[2020-01-15T03:34:53+00:00] INFO: Storing updated cookbooks/compat_resource/spec/data/cookbooks/before/recipes/default.rb in the cache.
[2020-01-15T03:34:53+00:00] INFO: Storing updated cookbooks/compat_resource/spec/data/cookbooks/cloning/providers/resource.rb in the cache.
[2020-01-15T03:34:53+00:00] INFO: Storing updated cookbooks/compat_resource/spec/data/cookbooks/cloning/resources/resource.rb in the cache.
[2020-01-15T03:34:53+00:00] INFO: Storing updated cookbooks/compat_resource/spec/data/cookbooks/future/libraries/super_properties.rb in the cache.
[2020-01-15T03:34:53+00:00] INFO: Storing updated cookbooks/compat_resource/spec/data/cookbooks/future/metadata.rb in the cache.
[2020-01-15T03:34:53+00:00] INFO: Storing updated cookbooks/compat_resource/MAINTAINERS.md in the cache.
[2020-01-15T03:34:53+00:00] INFO: Storing updated cookbooks/compat_resource/spec/data/cookbooks/future/resources/resource.rb in the cache.
[2020-01-15T03:34:53+00:00] INFO: Storing updated cookbooks/compat_resource/Rakefile in the cache.
[2020-01-15T03:34:53+00:00] INFO: Storing updated cookbooks/compat_resource/spec/data/cookbooks/hybrid/libraries/normal_hwrp.rb in the cache.
[2020-01-15T03:34:53+00:00] INFO: Storing updated cookbooks/compat_resource/spec/data/cookbooks/hybrid/providers/resource.rb in the cache.
[2020-01-15T03:34:53+00:00] INFO: Storing updated cookbooks/compat_resource/spec/data/config.rb in the cache.
[2020-01-15T03:34:53+00:00] INFO: Storing updated cookbooks/compat_resource/spec/data/cookbooks/normal/libraries/normal_hwrp.rb in the cache.
[2020-01-15T03:34:53+00:00] INFO: Storing updated cookbooks/compat_resource/spec/data/cookbooks/normal/metadata.rb in the cache.
[2020-01-15T03:34:53+00:00] INFO: Storing updated cookbooks/compat_resource/spec/data/cookbooks/future/libraries/future_custom_resource.rb in the cache.
[2020-01-15T03:34:53+00:00] INFO: Storing updated cookbooks/compat_resource/spec/data/cookbooks/cloning/recipes/default.rb in the cache.
[2020-01-15T03:34:53+00:00] INFO: Storing updated cookbooks/compat_resource/spec/data/cookbooks/normal/recipes/declare_resource.rb in the cache.
[2020-01-15T03:34:53+00:00] INFO: Storing updated cookbooks/compat_resource/spec/data/cookbooks/cloning/metadata.rb in the cache.
[2020-01-15T03:34:53+00:00] INFO: Storing updated cookbooks/compat_resource/spec/data/cookbooks/notifications/metadata.rb in the cache.
[2020-01-15T03:34:53+00:00] INFO: Storing updated cookbooks/compat_resource/spec/data/cookbooks/hybrid/resources/resource.rb in the cache.
[2020-01-15T03:34:53+00:00] INFO: Storing updated cookbooks/compat_resource/spec/data/cookbooks/notifications/resources/resource.rb in the cache.
[2020-01-15T03:34:53+00:00] INFO: Storing updated cookbooks/compat_resource/spec/data/cookbooks/strange_notifications/files/file in the cache.
[2020-01-15T03:34:53+00:00] INFO: Storing updated cookbooks/compat_resource/spec/data/cookbooks/strange_notifications/metadata.rb in the cache.
[2020-01-15T03:34:53+00:00] INFO: Storing updated cookbooks/compat_resource/spec/data/cookbooks/hybrid/metadata.rb in the cache.
[2020-01-15T03:34:53+00:00] INFO: Storing updated cookbooks/compat_resource/spec/data/cookbooks/future/recipes/declare_resource.rb in the cache.
[2020-01-15T03:34:53+00:00] INFO: Storing updated cookbooks/compat_resource/spec/data/cookbooks/future/resources/super_resource.rb in the cache.
[2020-01-15T03:34:53+00:00] INFO: Storing updated cookbooks/compat_resource/spec/data/cookbooks/strange_notifications/recipes/one.rb in the cache.
[2020-01-15T03:34:53+00:00] INFO: Storing updated cookbooks/compat_resource/spec/data/cookbooks/normal/resources/resource.rb in the cache.
[2020-01-15T03:34:53+00:00] INFO: Storing updated cookbooks/compat_resource/spec/data/cookbooks/strange_notifications/resources/an_lwrp_provider.rb in the cache.
[2020-01-15T03:34:53+00:00] INFO: Storing updated cookbooks/compat_resource/spec/data/cookbooks/notifications/recipes/default.rb in the cache.
[2020-01-15T03:34:53+00:00] INFO: Storing updated cookbooks/compat_resource/spec/data/cookbooks/test/recipes/default.rb in the cache.
[2020-01-15T03:34:53+00:00] INFO: Storing updated cookbooks/compat_resource/spec/data/cookbooks/normal/providers/resource.rb in the cache.
[2020-01-15T03:34:53+00:00] INFO: Storing updated cookbooks/compat_resource/spec/data/cookbooks/unmodified/metadata.rb in the cache.
[2020-01-15T03:34:53+00:00] INFO: Storing updated cookbooks/compat_resource/spec/data/nodes/ettores-mbp.lan.json in the cache.
[2020-01-15T03:34:53+00:00] INFO: Storing updated cookbooks/compat_resource/spec/spec_helper.rb in the cache.
[2020-01-15T03:34:53+00:00] INFO: Storing updated cookbooks/compat_resource/MAINTAINERS.toml in the cache.
[2020-01-15T03:34:53+00:00] INFO: Storing updated cookbooks/compat_resource/files/lib/chef_compat/copied_from_chef/chef/constants.rb in the cache.
[2020-01-15T03:34:53+00:00] INFO: Storing updated cookbooks/compat_resource/files/lib/chef_compat/copied_from_chef/chef/dsl/declare_resource.rb in the cache.
[2020-01-15T03:34:53+00:00] INFO: Storing updated cookbooks/compat_resource/files/lib/chef_compat/copied_from_chef/chef/dsl/platform_introspection.rb in the cache.
[2020-01-15T03:34:53+00:00] INFO: Storing updated cookbooks/compat_resource/files/lib/chef_compat/copied_from_chef/chef/dsl/core.rb in the cache.
[2020-01-15T03:34:53+00:00] INFO: Storing updated cookbooks/compat_resource/files/lib/chef_compat/copied_from_chef/chef/dsl/universal.rb in the cache.
[2020-01-15T03:34:53+00:00] INFO: Storing updated cookbooks/compat_resource/spec/data/cookbooks/strange_notifications/recipes/two.rb in the cache.
[2020-01-15T03:34:53+00:00] INFO: Storing updated cookbooks/compat_resource/spec/data/cookbooks/strange_notifications/providers/an_lwrp_provider.rb in the cache.
[2020-01-15T03:34:53+00:00] INFO: Storing updated cookbooks/compat_resource/spec/data/cookbooks/test/metadata.rb in the cache.
[2020-01-15T03:34:53+00:00] INFO: Storing updated cookbooks/compat_resource/spec/data/cookbooks/test/recipes/test.rb in the cache.
[2020-01-15T03:34:53+00:00] INFO: Storing updated cookbooks/compat_resource/spec/data/cookbooks/unmodified/recipes/default.rb in the cache.
[2020-01-15T03:34:53+00:00] INFO: Storing updated cookbooks/compat_resource/files/lib/chef_compat/copied_from_chef/chef/mixin/notifying_block.rb in the cache.
[2020-01-15T03:34:53+00:00] INFO: Storing updated cookbooks/compat_resource/files/lib/chef_compat/copied_from_chef/chef/mixin/params_validate.rb in the cache.
[2020-01-15T03:34:53+00:00] INFO: Storing updated cookbooks/compat_resource/files/lib/chef_compat/copied_from_chef/chef/mixin/powershell_out.rb in the cache.
[2020-01-15T03:34:53+00:00] INFO: Storing updated cookbooks/compat_resource/files/lib/chef_compat/copied_from_chef/chef/provider/apt_repository.rb in the cache.
[2020-01-15T03:34:53+00:00] INFO: Storing updated cookbooks/compat_resource/files/lib/chef_compat/copied_from_chef/chef/delayed_evaluator.rb in the cache.
[2020-01-15T03:34:53+00:00] INFO: Storing updated cookbooks/compat_resource/files/lib/chef_compat/copied_from_chef/chef/provider/support/yum_repo.erb in the cache.
[2020-01-15T03:34:53+00:00] INFO: Storing updated cookbooks/compat_resource/files/lib/chef_compat/copied_from_chef/chef/provider/systemd_unit.rb in the cache.
[2020-01-15T03:34:53+00:00] INFO: Storing updated cookbooks/compat_resource/files/lib/chef_compat/copied_from_chef/chef/provider/noop.rb in the cache.
[2020-01-15T03:34:53+00:00] INFO: Storing updated cookbooks/compat_resource/files/lib/chef_compat/copied_from_chef/chef/property.rb in the cache.
[2020-01-15T03:34:53+00:00] INFO: Storing updated cookbooks/compat_resource/files/lib/chef_compat/copied_from_chef/chef/provider.rb in the cache.
[2020-01-15T03:34:53+00:00] INFO: Storing updated cookbooks/compat_resource/files/lib/chef_compat/copied_from_chef/chef/resource/apt_repository.rb in the cache.
[2020-01-15T03:34:53+00:00] INFO: Storing updated cookbooks/compat_resource/files/lib/chef_compat/copied_from_chef/chef/resource/apt_update.rb in the cache.
[2020-01-15T03:34:53+00:00] INFO: Storing updated cookbooks/compat_resource/files/lib/chef_compat/copied_from_chef/chef/resource/systemd_unit.rb in the cache.
[2020-01-15T03:34:53+00:00] INFO: Storing updated cookbooks/compat_resource/files/lib/chef_compat/copied_from_chef/chef/mixin/lazy_module_include.rb in the cache.
[2020-01-15T03:34:53+00:00] INFO: Storing updated cookbooks/compat_resource/files/lib/chef_compat/copied_from_chef/chef/resource.rb in the cache.
[2020-01-15T03:34:53+00:00] INFO: Storing updated cookbooks/compat_resource/files/lib/chef_compat/copied_from_chef/chef/mixin/properties.rb in the cache.
[2020-01-15T03:34:53+00:00] INFO: Storing updated cookbooks/compat_resource/files/lib/chef_compat/copied_from_chef/chef/dsl/recipe.rb in the cache.
[2020-01-15T03:34:53+00:00] INFO: Storing updated cookbooks/compat_resource/files/lib/chef_compat/copied_from_chef/chef/provider/apt_update.rb in the cache.
[2020-01-15T03:34:53+00:00] INFO: Storing updated cookbooks/compat_resource/files/lib/chef_compat/copied_from_chef.rb in the cache.
[2020-01-15T03:34:53+00:00] INFO: Storing updated cookbooks/compat_resource/files/lib/chef_compat/copied_from_chef/chef/resource/action_class.rb in the cache.
[2020-01-15T03:34:53+00:00] INFO: Storing updated cookbooks/compat_resource/files/lib/chef_compat/monkeypatches/chef/exceptions.rb in the cache.
[2020-01-15T03:34:53+00:00] INFO: Storing updated cookbooks/compat_resource/files/lib/chef_compat/monkeypatches/chef/mixin/params_validate.rb in the cache.
[2020-01-15T03:34:53+00:00] INFO: Storing updated cookbooks/compat_resource/files/lib/chef_compat/monkeypatches/chef/property.rb in the cache.
[2020-01-15T03:34:53+00:00] INFO: Storing updated cookbooks/compat_resource/files/lib/chef_compat/monkeypatches/chef/provider.rb in the cache.
[2020-01-15T03:34:53+00:00] INFO: Storing updated cookbooks/compat_resource/files/lib/chef_compat/copied_from_chef/chef/provider/yum_repository.rb in the cache.
[2020-01-15T03:34:53+00:00] INFO: Storing updated cookbooks/compat_resource/files/lib/chef_compat/monkeypatches/chef/node.rb in the cache.
[2020-01-15T03:34:53+00:00] INFO: Storing updated cookbooks/compat_resource/files/lib/chef_compat/monkeypatches/chef/log.rb in the cache.
[2020-01-15T03:34:53+00:00] INFO: Storing updated cookbooks/compat_resource/files/lib/chef_compat/mixin/properties.rb in the cache.
[2020-01-15T03:34:53+00:00] INFO: Storing updated cookbooks/compat_resource/files/lib/chef_compat/copied_from_chef/chef/resource_builder.rb in the cache.
[2020-01-15T03:34:53+00:00] INFO: Storing updated cookbooks/compat_resource/files/lib/chef_compat/monkeypatches/chef/recipe_hook.rb in the cache.
[2020-01-15T03:34:53+00:00] INFO: Storing updated cookbooks/compat_resource/files/lib/chef_compat/monkeypatches/chef/resource/lwrp_base.rb in the cache.
[2020-01-15T03:34:53+00:00] INFO: Storing updated cookbooks/compat_resource/files/lib/chef_compat/monkeypatches/chef/resource.rb in the cache.
[2020-01-15T03:34:53+00:00] INFO: Storing updated cookbooks/compat_resource/files/lib/chef_compat/monkeypatches/chef/resource_collection/resource_list.rb in the cache.
[2020-01-15T03:34:53+00:00] INFO: Storing updated cookbooks/compat_resource/files/lib/chef_compat/monkeypatches/chef/resource_collection/resource_set.rb in the cache.
[2020-01-15T03:34:53+00:00] INFO: Storing updated cookbooks/compat_resource/files/lib/chef_compat/monkeypatches/chef/resource_collection.rb in the cache.
[2020-01-15T03:34:53+00:00] INFO: Storing updated cookbooks/compat_resource/files/lib/chef_compat/copied_from_chef/chef/resource/yum_repository.rb in the cache.
[2020-01-15T03:34:53+00:00] INFO: Storing updated cookbooks/compat_resource/files/lib/chef_compat/monkeypatches/chef/runner.rb in the cache.
[2020-01-15T03:34:53+00:00] INFO: Storing updated cookbooks/compat_resource/files/lib/chef_compat/monkeypatches.rb in the cache.
[2020-01-15T03:34:53+00:00] INFO: Storing updated cookbooks/compat_resource/files/lib/chef_compat/recipe.rb in the cache.
[2020-01-15T03:34:53+00:00] INFO: Storing updated cookbooks/compat_resource/files/lib/chef_compat/monkeypatches/chef/recipe.rb in the cache.
[2020-01-15T03:34:53+00:00] INFO: Storing updated cookbooks/compat_resource/files/lib/chef_compat/resource.rb in the cache.
[2020-01-15T03:34:53+00:00] INFO: Storing updated cookbooks/compat_resource/files/lib/chef_upstream_version.rb in the cache.
[2020-01-15T03:34:53+00:00] INFO: Storing updated cookbooks/compat_resource/LICENSE in the cache.
[2020-01-15T03:34:53+00:00] INFO: Storing updated cookbooks/compat_resource/files/lib/chef_compat/monkeypatches/chef/resource_builder.rb in the cache.
[2020-01-15T03:34:53+00:00] INFO: Storing updated cookbooks/compat_resource/Gemfile in the cache.
[2020-01-15T03:34:53+00:00] INFO: Storing updated cookbooks/compat_resource/CHANGELOG.md in the cache.
[2020-01-15T03:34:53+00:00] INFO: Storing updated cookbooks/compat_resource/libraries/autoload.rb in the cache.
[2020-01-15T03:34:53+00:00] INFO: Storing updated cookbooks/compat_resource/files/lib/chef_compat/monkeypatches/chef.rb in the cache.
[2020-01-15T03:34:53+00:00] INFO: Storing updated cookbooks/compat_resource/files/lib/chef_compat/monkeypatches/chef/run_context.rb in the cache.
[2020-01-15T03:34:53+00:00] INFO: Storing updated cookbooks/compat_resource/.travis.yml in the cache.
[2020-01-15T03:34:53+00:00] INFO: Storing updated cookbooks/compat_resource/files/lib/chef_compat/resource/lwrp_base.rb in the cache.
[2020-01-15T03:34:53+00:00] INFO: Storing updated cookbooks/compat_resource/files/lib/compat_resource.rb in the cache.
[2020-01-15T03:34:53+00:00] INFO: Storing updated cookbooks/compat_resource/files/lib/chef_compat/property.rb in the cache.
[2020-01-15T03:34:53+00:00] INFO: Storing updated cookbooks/compat_resource/CONVERTING.md in the cache.
[2020-01-15T03:34:55+00:00] WARN: Runtime directory '/run' is not a tmpfs.
[2020-01-15T03:34:55+00:00] WARN: Skipped selecting an init system because it looks like we are running in a container
[2020-01-15T03:34:56+00:00] INFO: The plugin path /etc/chef/ohai/plugins does not exist. Skipping...
[2020-01-15T03:34:56+00:00] INFO: directory[/opt/gitlab/embedded/etc] created directory /opt/gitlab/embedded/etc
[2020-01-15T03:34:56+00:00] INFO: directory[/opt/gitlab/embedded/etc] owner changed to 0
[2020-01-15T03:34:56+00:00] INFO: directory[/opt/gitlab/embedded/etc] group changed to 0
[2020-01-15T03:34:56+00:00] INFO: directory[/opt/gitlab/embedded/etc] mode changed to 755
[2020-01-15T03:34:56+00:00] INFO: template[/opt/gitlab/embedded/etc/gitconfig] created file /opt/gitlab/embedded/etc/gitconfig
[2020-01-15T03:34:56+00:00] INFO: template[/opt/gitlab/embedded/etc/gitconfig] updated file contents /opt/gitlab/embedded/etc/gitconfig
[2020-01-15T03:34:56+00:00] INFO: template[/opt/gitlab/embedded/etc/gitconfig] mode changed to 755
[2020-01-15T03:34:56+00:00] INFO: template[/var/opt/gitlab/.gitconfig] backed up to /opt/gitlab/embedded/cookbooks/cache/backup/var/opt/gitlab/.gitconfig.chef-20200115033456.682240
[2020-01-15T03:34:56+00:00] INFO: template[/var/opt/gitlab/.gitconfig] updated file contents /var/opt/gitlab/.gitconfig
[2020-01-15T03:34:56+00:00] INFO: template[/var/opt/gitlab/gitlab-shell/config.yml] backed up to /opt/gitlab/embedded/cookbooks/cache/backup/var/opt/gitlab/gitlab-shell/config.yml.chef-20200115033456.813082
[2020-01-15T03:34:56+00:00] INFO: template[/var/opt/gitlab/gitlab-shell/config.yml] updated file contents /var/opt/gitlab/gitlab-shell/config.yml
[2020-01-15T03:34:56+00:00] INFO: link[Link /opt/gitlab/embedded/service/gitlab-shell/config.yml to /var/opt/gitlab/gitlab-shell/config.yml] created
[2020-01-15T03:34:56+00:00] INFO: link[/opt/gitlab/embedded/service/gitlab-shell/.gitlab_shell_secret] created
[2020-01-15T03:34:56+00:00] INFO: execute[/opt/gitlab/embedded/service/gitlab-shell/bin/gitlab-keys check-permissions] ran successfully
[2020-01-15T03:34:57+00:00] INFO: directory[/var/log/gitlab] owner changed to 998
[2020-01-15T03:34:57+00:00] INFO: directory[create /opt/gitlab/etc/gitlab-rails] created directory /opt/gitlab/etc/gitlab-rails
[2020-01-15T03:34:57+00:00] INFO: directory[create /opt/gitlab/etc/gitlab-rails] owner changed to 998
[2020-01-15T03:34:57+00:00] INFO: directory[create /opt/gitlab/etc/gitlab-rails] mode changed to 700
[2020-01-15T03:34:57+00:00] INFO: template[/opt/gitlab/etc/gitlab-rails/gitlab-rails-rc] created file /opt/gitlab/etc/gitlab-rails/gitlab-rails-rc
[2020-01-15T03:34:57+00:00] INFO: template[/opt/gitlab/etc/gitlab-rails/gitlab-rails-rc] updated file contents /opt/gitlab/etc/gitlab-rails/gitlab-rails-rc
[2020-01-15T03:34:57+00:00] INFO: template[/var/opt/gitlab/gitlab-rails/etc/database.yml] backed up to /opt/gitlab/embedded/cookbooks/cache/backup/var/opt/gitlab/gitlab-rails/etc/database.yml.chef-20200115033457.824923
[2020-01-15T03:34:57+00:00] INFO: template[/var/opt/gitlab/gitlab-rails/etc/database.yml] updated file contents /var/opt/gitlab/gitlab-rails/etc/database.yml
[2020-01-15T03:34:57+00:00] INFO: template[/var/opt/gitlab/gitlab-rails/etc/database.yml] group changed to 0
[2020-01-15T03:34:57+00:00] INFO: template[/var/opt/gitlab/gitlab-rails/etc/database.yml] mode changed to 644
[2020-01-15T03:34:57+00:00] INFO: link[Link /opt/gitlab/embedded/service/gitlab-rails/config/database.yml to /var/opt/gitlab/gitlab-rails/etc/database.yml] created
[2020-01-15T03:34:57+00:00] INFO: link[Link /opt/gitlab/embedded/service/gitlab-rails/config/secrets.yml to /var/opt/gitlab/gitlab-rails/etc/secrets.yml] created
[2020-01-15T03:34:57+00:00] INFO: link[Link /opt/gitlab/embedded/service/gitlab-rails/config/resque.yml to /var/opt/gitlab/gitlab-rails/etc/resque.yml] created
[2020-01-15T03:34:57+00:00] INFO: template[/var/opt/gitlab/gitlab-rails/etc/gitlab.yml] backed up to /opt/gitlab/embedded/cookbooks/cache/backup/var/opt/gitlab/gitlab-rails/etc/gitlab.yml.chef-20200115033457.916206
[2020-01-15T03:34:57+00:00] INFO: template[/var/opt/gitlab/gitlab-rails/etc/gitlab.yml] updated file contents /var/opt/gitlab/gitlab-rails/etc/gitlab.yml
[2020-01-15T03:34:57+00:00] INFO: template[/var/opt/gitlab/gitlab-rails/etc/gitlab.yml] group changed to 0
[2020-01-15T03:34:57+00:00] INFO: template[/var/opt/gitlab/gitlab-rails/etc/gitlab.yml] mode changed to 644
[2020-01-15T03:34:57+00:00] INFO: link[Link /opt/gitlab/embedded/service/gitlab-rails/config/gitlab.yml to /var/opt/gitlab/gitlab-rails/etc/gitlab.yml] created
[2020-01-15T03:34:57+00:00] INFO: template[/var/opt/gitlab/gitlab-rails/etc/rack_attack.rb] backed up to /opt/gitlab/embedded/cookbooks/cache/backup/var/opt/gitlab/gitlab-rails/etc/rack_attack.rb.chef-20200115033457.979448
[2020-01-15T03:34:57+00:00] INFO: template[/var/opt/gitlab/gitlab-rails/etc/rack_attack.rb] updated file contents /var/opt/gitlab/gitlab-rails/etc/rack_attack.rb
[2020-01-15T03:34:57+00:00] INFO: link[Link /opt/gitlab/embedded/service/gitlab-rails/config/initializers/rack_attack.rb to /var/opt/gitlab/gitlab-rails/etc/rack_attack.rb] created
[2020-01-15T03:34:58+00:00] INFO: link[Link /opt/gitlab/embedded/service/gitlab-rails/.gitlab_workhorse_secret to /var/opt/gitlab/gitlab-rails/etc/gitlab_workhorse_secret] created
[2020-01-15T03:34:58+00:00] INFO: link[Link /opt/gitlab/embedded/service/gitlab-rails/.gitlab_shell_secret to /var/opt/gitlab/gitlab-rails/etc/gitlab_shell_secret] created
[2020-01-15T03:34:58+00:00] INFO: directory[/opt/gitlab/etc/gitlab-rails/env] created directory /opt/gitlab/etc/gitlab-rails/env
[2020-01-15T03:34:58+00:00] INFO: file[/opt/gitlab/etc/gitlab-rails/env/HOME] created file /opt/gitlab/etc/gitlab-rails/env/HOME
[2020-01-15T03:34:58+00:00] INFO: file[/opt/gitlab/etc/gitlab-rails/env/HOME] updated file contents /opt/gitlab/etc/gitlab-rails/env/HOME
[2020-01-15T03:34:58+00:00] INFO: file[/opt/gitlab/etc/gitlab-rails/env/RAILS_ENV] created file /opt/gitlab/etc/gitlab-rails/env/RAILS_ENV
[2020-01-15T03:34:58+00:00] INFO: file[/opt/gitlab/etc/gitlab-rails/env/RAILS_ENV] updated file contents /opt/gitlab/etc/gitlab-rails/env/RAILS_ENV
[2020-01-15T03:34:58+00:00] INFO: file[/opt/gitlab/etc/gitlab-rails/env/LD_PRELOAD] created file /opt/gitlab/etc/gitlab-rails/env/LD_PRELOAD
[2020-01-15T03:34:58+00:00] INFO: file[/opt/gitlab/etc/gitlab-rails/env/LD_PRELOAD] updated file contents /opt/gitlab/etc/gitlab-rails/env/LD_PRELOAD
[2020-01-15T03:34:58+00:00] INFO: file[/opt/gitlab/etc/gitlab-rails/env/SIDEKIQ_MEMORY_KILLER_MAX_RSS] created file /opt/gitlab/etc/gitlab-rails/env/SIDEKIQ_MEMORY_KILLER_MAX_RSS
[2020-01-15T03:34:58+00:00] INFO: file[/opt/gitlab/etc/gitlab-rails/env/SIDEKIQ_MEMORY_KILLER_MAX_RSS] updated file contents /opt/gitlab/etc/gitlab-rails/env/SIDEKIQ_MEMORY_KILLER_MAX_RSS
[2020-01-15T03:34:58+00:00] INFO: file[/opt/gitlab/etc/gitlab-rails/env/BUNDLE_GEMFILE] created file /opt/gitlab/etc/gitlab-rails/env/BUNDLE_GEMFILE
[2020-01-15T03:34:58+00:00] INFO: file[/opt/gitlab/etc/gitlab-rails/env/BUNDLE_GEMFILE] updated file contents /opt/gitlab/etc/gitlab-rails/env/BUNDLE_GEMFILE
[2020-01-15T03:34:58+00:00] INFO: file[/opt/gitlab/etc/gitlab-rails/env/PATH] created file /opt/gitlab/etc/gitlab-rails/env/PATH
[2020-01-15T03:34:58+00:00] INFO: file[/opt/gitlab/etc/gitlab-rails/env/PATH] updated file contents /opt/gitlab/etc/gitlab-rails/env/PATH
[2020-01-15T03:34:58+00:00] INFO: file[/opt/gitlab/etc/gitlab-rails/env/ICU_DATA] created file /opt/gitlab/etc/gitlab-rails/env/ICU_DATA
[2020-01-15T03:34:58+00:00] INFO: file[/opt/gitlab/etc/gitlab-rails/env/ICU_DATA] updated file contents /opt/gitlab/etc/gitlab-rails/env/ICU_DATA
[2020-01-15T03:34:58+00:00] INFO: file[/opt/gitlab/etc/gitlab-rails/env/PYTHONPATH] created file /opt/gitlab/etc/gitlab-rails/env/PYTHONPATH
[2020-01-15T03:34:58+00:00] INFO: file[/opt/gitlab/etc/gitlab-rails/env/PYTHONPATH] updated file contents /opt/gitlab/etc/gitlab-rails/env/PYTHONPATH
[2020-01-15T03:34:58+00:00] INFO: file[/opt/gitlab/etc/gitlab-rails/env/EXECJS_RUNTIME] created file /opt/gitlab/etc/gitlab-rails/env/EXECJS_RUNTIME
[2020-01-15T03:34:58+00:00] INFO: file[/opt/gitlab/etc/gitlab-rails/env/EXECJS_RUNTIME] updated file contents /opt/gitlab/etc/gitlab-rails/env/EXECJS_RUNTIME
[2020-01-15T03:34:58+00:00] INFO: link[/opt/gitlab/embedded/service/gitlab-rails/tmp] created
[2020-01-15T03:34:58+00:00] INFO: link[/opt/gitlab/embedded/service/gitlab-rails/public/uploads] created
[2020-01-15T03:34:58+00:00] INFO: link[/opt/gitlab/embedded/service/gitlab-rails/log] created
[2020-01-15T03:34:58+00:00] INFO: file[/opt/gitlab/embedded/service/gitlab-rails/db/schema.rb] owner changed to 998
[2020-01-15T03:34:58+00:00] INFO: remote_file[/var/opt/gitlab/gitlab-rails/VERSION] backed up to /opt/gitlab/embedded/cookbooks/cache/backup/var/opt/gitlab/gitlab-rails/VERSION.chef-20200115033458.113909
[2020-01-15T03:34:58+00:00] INFO: remote_file[/var/opt/gitlab/gitlab-rails/VERSION] updated file contents /var/opt/gitlab/gitlab-rails/VERSION
[2020-01-15T03:34:58+00:00] INFO: remote_file[/var/opt/gitlab/gitlab-rails/REVISION] backed up to /opt/gitlab/embedded/cookbooks/cache/backup/var/opt/gitlab/gitlab-rails/REVISION.chef-20200115033458.121650
[2020-01-15T03:34:58+00:00] INFO: remote_file[/var/opt/gitlab/gitlab-rails/REVISION] updated file contents /var/opt/gitlab/gitlab-rails/REVISION
[2020-01-15T03:34:58+00:00] INFO: file[/var/opt/gitlab/gitlab-rails/RUBY_VERSION] backed up to /opt/gitlab/embedded/cookbooks/cache/backup/var/opt/gitlab/gitlab-rails/RUBY_VERSION.chef-20200115033458.129453
[2020-01-15T03:34:58+00:00] INFO: file[/var/opt/gitlab/gitlab-rails/RUBY_VERSION] updated file contents /var/opt/gitlab/gitlab-rails/RUBY_VERSION
[2020-01-15T03:35:05+00:00] INFO: execute[chown -R root:root /opt/gitlab/embedded/service/gitlab-rails/public] ran successfully
[2020-01-15T03:35:05+00:00] INFO: file[/opt/gitlab/embedded/ssl/certs/README] created file /opt/gitlab/embedded/ssl/certs/README
[2020-01-15T03:35:05+00:00] INFO: file[/opt/gitlab/embedded/ssl/certs/README] updated file contents /opt/gitlab/embedded/ssl/certs/README
[2020-01-15T03:35:05+00:00] INFO: file[/opt/gitlab/embedded/ssl/certs/README] mode changed to 644
[2020-01-15T03:35:05+00:00] INFO: ruby_block[Move existing certs and link to /opt/gitlab/embedded/ssl/certs] called
[2020-01-15T03:35:05+00:00] INFO: template[/var/opt/gitlab/redis/redis.conf] backed up to /opt/gitlab/embedded/cookbooks/cache/backup/var/opt/gitlab/redis/redis.conf.chef-20200115033505.316035
[2020-01-15T03:35:05+00:00] INFO: template[/var/opt/gitlab/redis/redis.conf] updated file contents /var/opt/gitlab/redis/redis.conf
[2020-01-15T03:35:05+00:00] INFO: directory[/opt/gitlab/sv/redis] created directory /opt/gitlab/sv/redis
[2020-01-15T03:35:05+00:00] INFO: directory[/opt/gitlab/sv/redis] owner changed to 0
[2020-01-15T03:35:05+00:00] INFO: directory[/opt/gitlab/sv/redis] group changed to 0
[2020-01-15T03:35:05+00:00] INFO: directory[/opt/gitlab/sv/redis] mode changed to 755
[2020-01-15T03:35:05+00:00] INFO: directory[/opt/gitlab/sv/redis/log] created directory /opt/gitlab/sv/redis/log
[2020-01-15T03:35:05+00:00] INFO: directory[/opt/gitlab/sv/redis/log] owner changed to 0
[2020-01-15T03:35:05+00:00] INFO: directory[/opt/gitlab/sv/redis/log] group changed to 0
[2020-01-15T03:35:05+00:00] INFO: directory[/opt/gitlab/sv/redis/log] mode changed to 755
[2020-01-15T03:35:05+00:00] INFO: directory[/opt/gitlab/sv/redis/log/main] created directory /opt/gitlab/sv/redis/log/main
[2020-01-15T03:35:05+00:00] INFO: directory[/opt/gitlab/sv/redis/log/main] owner changed to 0
[2020-01-15T03:35:05+00:00] INFO: directory[/opt/gitlab/sv/redis/log/main] group changed to 0
[2020-01-15T03:35:05+00:00] INFO: directory[/opt/gitlab/sv/redis/log/main] mode changed to 755
[2020-01-15T03:35:05+00:00] INFO: template[/opt/gitlab/sv/redis/run] created file /opt/gitlab/sv/redis/run
[2020-01-15T03:35:05+00:00] INFO: template[/opt/gitlab/sv/redis/run] updated file contents /opt/gitlab/sv/redis/run
[2020-01-15T03:35:05+00:00] INFO: template[/opt/gitlab/sv/redis/run] owner changed to 0
[2020-01-15T03:35:05+00:00] INFO: template[/opt/gitlab/sv/redis/run] group changed to 0
[2020-01-15T03:35:05+00:00] INFO: template[/opt/gitlab/sv/redis/run] mode changed to 755
[2020-01-15T03:35:05+00:00] INFO: template[/opt/gitlab/sv/redis/log/run] created file /opt/gitlab/sv/redis/log/run
[2020-01-15T03:35:05+00:00] INFO: template[/opt/gitlab/sv/redis/log/run] updated file contents /opt/gitlab/sv/redis/log/run
[2020-01-15T03:35:05+00:00] INFO: template[/opt/gitlab/sv/redis/log/run] owner changed to 0
[2020-01-15T03:35:05+00:00] INFO: template[/opt/gitlab/sv/redis/log/run] group changed to 0
[2020-01-15T03:35:05+00:00] INFO: template[/opt/gitlab/sv/redis/log/run] mode changed to 755
[2020-01-15T03:35:05+00:00] INFO: link[/opt/gitlab/init/redis] created
[2020-01-15T03:35:05+00:00] INFO: link[/opt/gitlab/service/redis] created
[2020-01-15T03:35:07+00:00] INFO: ruby_block[supervise_redis_sleep] called
[2020-01-15T03:35:07+00:00] INFO: directory[/opt/gitlab/sv/redis/supervise] mode changed to 755
[2020-01-15T03:35:07+00:00] INFO: directory[/opt/gitlab/sv/redis/log/supervise] mode changed to 755
[2020-01-15T03:35:07+00:00] INFO: file[create /opt/gitlab/embedded/etc/90-omnibus-gitlab-kernel.shmmax.conf kernel.shmmax] created file /opt/gitlab/embedded/etc/90-omnibus-gitlab-kernel.shmmax.conf
[2020-01-15T03:35:07+00:00] INFO: file[create /opt/gitlab/embedded/etc/90-omnibus-gitlab-kernel.shmmax.conf kernel.shmmax] updated file contents /opt/gitlab/embedded/etc/90-omnibus-gitlab-kernel.shmmax.conf
[2020-01-15T03:35:07+00:00] INFO: file[create /opt/gitlab/embedded/etc/90-omnibus-gitlab-kernel.shmmax.conf kernel.shmmax] sending run action to execute[load sysctl conf kernel.shmmax] (immediate)
[2020-01-15T03:35:07+00:00] INFO: execute[load sysctl conf kernel.shmmax] ran successfully
[2020-01-15T03:35:07+00:00] INFO: link[/etc/sysctl.d/90-omnibus-gitlab-kernel.shmmax.conf] created
[2020-01-15T03:35:07+00:00] INFO: file[create /opt/gitlab/embedded/etc/90-omnibus-gitlab-kernel.shmall.conf kernel.shmall] created file /opt/gitlab/embedded/etc/90-omnibus-gitlab-kernel.shmall.conf
[2020-01-15T03:35:07+00:00] INFO: file[create /opt/gitlab/embedded/etc/90-omnibus-gitlab-kernel.shmall.conf kernel.shmall] updated file contents /opt/gitlab/embedded/etc/90-omnibus-gitlab-kernel.shmall.conf
[2020-01-15T03:35:07+00:00] INFO: file[create /opt/gitlab/embedded/etc/90-omnibus-gitlab-kernel.shmall.conf kernel.shmall] sending run action to execute[load sysctl conf kernel.shmall] (immediate)
[2020-01-15T03:35:07+00:00] INFO: execute[load sysctl conf kernel.shmall] ran successfully
[2020-01-15T03:35:07+00:00] INFO: link[/etc/sysctl.d/90-omnibus-gitlab-kernel.shmall.conf] created
[2020-01-15T03:35:07+00:00] INFO: file[create /opt/gitlab/embedded/etc/90-omnibus-gitlab-kernel.sem.conf kernel.sem] created file /opt/gitlab/embedded/etc/90-omnibus-gitlab-kernel.sem.conf
[2020-01-15T03:35:07+00:00] INFO: file[create /opt/gitlab/embedded/etc/90-omnibus-gitlab-kernel.sem.conf kernel.sem] updated file contents /opt/gitlab/embedded/etc/90-omnibus-gitlab-kernel.sem.conf
[2020-01-15T03:35:07+00:00] INFO: file[create /opt/gitlab/embedded/etc/90-omnibus-gitlab-kernel.sem.conf kernel.sem] sending run action to execute[load sysctl conf kernel.sem] (immediate)
[2020-01-15T03:35:07+00:00] INFO: execute[load sysctl conf kernel.sem] ran successfully
[2020-01-15T03:35:07+00:00] INFO: link[/etc/sysctl.d/90-omnibus-gitlab-kernel.sem.conf] created
[2020-01-15T03:35:07+00:00] INFO: template[/var/opt/gitlab/postgresql/data/runtime.conf] backed up to /opt/gitlab/embedded/cookbooks/cache/backup/var/opt/gitlab/postgresql/data/runtime.conf.chef-20200115033507.620425
[2020-01-15T03:35:07+00:00] INFO: template[/var/opt/gitlab/postgresql/data/runtime.conf] updated file contents /var/opt/gitlab/postgresql/data/runtime.conf
[2020-01-15T03:35:07+00:00] INFO: directory[/opt/gitlab/sv/postgresql] created directory /opt/gitlab/sv/postgresql
[2020-01-15T03:35:07+00:00] INFO: directory[/opt/gitlab/sv/postgresql] owner changed to 0
[2020-01-15T03:35:07+00:00] INFO: directory[/opt/gitlab/sv/postgresql] group changed to 0
[2020-01-15T03:35:07+00:00] INFO: directory[/opt/gitlab/sv/postgresql] mode changed to 755
[2020-01-15T03:35:07+00:00] INFO: directory[/opt/gitlab/sv/postgresql/log] created directory /opt/gitlab/sv/postgresql/log
[2020-01-15T03:35:07+00:00] INFO: directory[/opt/gitlab/sv/postgresql/log] owner changed to 0
[2020-01-15T03:35:07+00:00] INFO: directory[/opt/gitlab/sv/postgresql/log] group changed to 0
[2020-01-15T03:35:07+00:00] INFO: directory[/opt/gitlab/sv/postgresql/log] mode changed to 755
[2020-01-15T03:35:07+00:00] INFO: directory[/opt/gitlab/sv/postgresql/log/main] created directory /opt/gitlab/sv/postgresql/log/main
[2020-01-15T03:35:07+00:00] INFO: directory[/opt/gitlab/sv/postgresql/log/main] owner changed to 0
[2020-01-15T03:35:07+00:00] INFO: directory[/opt/gitlab/sv/postgresql/log/main] group changed to 0
[2020-01-15T03:35:07+00:00] INFO: directory[/opt/gitlab/sv/postgresql/log/main] mode changed to 755
[2020-01-15T03:35:07+00:00] INFO: template[/opt/gitlab/sv/postgresql/run] created file /opt/gitlab/sv/postgresql/run
[2020-01-15T03:35:07+00:00] INFO: template[/opt/gitlab/sv/postgresql/run] updated file contents /opt/gitlab/sv/postgresql/run
[2020-01-15T03:35:07+00:00] INFO: template[/opt/gitlab/sv/postgresql/run] owner changed to 0
[2020-01-15T03:35:07+00:00] INFO: template[/opt/gitlab/sv/postgresql/run] group changed to 0
[2020-01-15T03:35:07+00:00] INFO: template[/opt/gitlab/sv/postgresql/run] mode changed to 755
[2020-01-15T03:35:07+00:00] INFO: template[/opt/gitlab/sv/postgresql/log/run] created file /opt/gitlab/sv/postgresql/log/run
[2020-01-15T03:35:07+00:00] INFO: template[/opt/gitlab/sv/postgresql/log/run] updated file contents /opt/gitlab/sv/postgresql/log/run
[2020-01-15T03:35:07+00:00] INFO: template[/opt/gitlab/sv/postgresql/log/run] owner changed to 0
[2020-01-15T03:35:07+00:00] INFO: template[/opt/gitlab/sv/postgresql/log/run] group changed to 0
[2020-01-15T03:35:07+00:00] INFO: template[/opt/gitlab/sv/postgresql/log/run] mode changed to 755
[2020-01-15T03:35:07+00:00] INFO: directory[/opt/gitlab/sv/postgresql/control] created directory /opt/gitlab/sv/postgresql/control
[2020-01-15T03:35:07+00:00] INFO: directory[/opt/gitlab/sv/postgresql/control] owner changed to 0
[2020-01-15T03:35:07+00:00] INFO: directory[/opt/gitlab/sv/postgresql/control] group changed to 0
[2020-01-15T03:35:07+00:00] INFO: directory[/opt/gitlab/sv/postgresql/control] mode changed to 755
[2020-01-15T03:35:07+00:00] INFO: template[/opt/gitlab/sv/postgresql/control/t] created file /opt/gitlab/sv/postgresql/control/t
[2020-01-15T03:35:07+00:00] INFO: template[/opt/gitlab/sv/postgresql/control/t] updated file contents /opt/gitlab/sv/postgresql/control/t
[2020-01-15T03:35:07+00:00] INFO: template[/opt/gitlab/sv/postgresql/control/t] owner changed to 0
[2020-01-15T03:35:07+00:00] INFO: template[/opt/gitlab/sv/postgresql/control/t] group changed to 0
[2020-01-15T03:35:07+00:00] INFO: template[/opt/gitlab/sv/postgresql/control/t] mode changed to 755
[2020-01-15T03:35:07+00:00] INFO: link[/opt/gitlab/init/postgresql] created
[2020-01-15T03:35:07+00:00] INFO: link[/opt/gitlab/service/postgresql] created
[2020-01-15T03:35:08+00:00] INFO: ruby_block[supervise_postgresql_sleep] called
[2020-01-15T03:35:08+00:00] INFO: directory[/opt/gitlab/sv/postgresql/supervise] mode changed to 755
[2020-01-15T03:35:08+00:00] INFO: directory[/opt/gitlab/sv/postgresql/log/supervise] mode changed to 755
[2020-01-15T03:35:08+00:00] INFO: file[/opt/gitlab/sv/postgresql/supervise/ok] created file /opt/gitlab/sv/postgresql/supervise/ok
[2020-01-15T03:35:08+00:00] INFO: file[/opt/gitlab/sv/postgresql/supervise/ok] owner changed to 996
[2020-01-15T03:35:08+00:00] INFO: file[/opt/gitlab/sv/postgresql/supervise/ok] group changed to 996
[2020-01-15T03:35:08+00:00] INFO: file[/opt/gitlab/sv/postgresql/supervise/ok] updated atime and mtime to 2020-01-15 03:35:08 +0000
[2020-01-15T03:35:08+00:00] INFO: file[/opt/gitlab/sv/postgresql/log/supervise/ok] created file /opt/gitlab/sv/postgresql/log/supervise/ok
[2020-01-15T03:35:08+00:00] INFO: file[/opt/gitlab/sv/postgresql/log/supervise/ok] owner changed to 996
[2020-01-15T03:35:08+00:00] INFO: file[/opt/gitlab/sv/postgresql/log/supervise/ok] group changed to 996
[2020-01-15T03:35:08+00:00] INFO: file[/opt/gitlab/sv/postgresql/log/supervise/ok] updated atime and mtime to 2020-01-15 03:35:08 +0000
[2020-01-15T03:35:08+00:00] INFO: file[/opt/gitlab/sv/postgresql/supervise/control] created file /opt/gitlab/sv/postgresql/supervise/control
[2020-01-15T03:35:08+00:00] INFO: file[/opt/gitlab/sv/postgresql/supervise/control] owner changed to 996
[2020-01-15T03:35:08+00:00] INFO: file[/opt/gitlab/sv/postgresql/supervise/control] group changed to 996
[2020-01-15T03:35:08+00:00] INFO: file[/opt/gitlab/sv/postgresql/supervise/control] updated atime and mtime to 2020-01-15 03:35:08 +0000
[2020-01-15T03:35:08+00:00] INFO: file[/opt/gitlab/sv/postgresql/log/supervise/control] created file /opt/gitlab/sv/postgresql/log/supervise/control
[2020-01-15T03:35:08+00:00] INFO: file[/opt/gitlab/sv/postgresql/log/supervise/control] owner changed to 996
[2020-01-15T03:35:08+00:00] INFO: file[/opt/gitlab/sv/postgresql/log/supervise/control] group changed to 996
[2020-01-15T03:35:08+00:00] INFO: file[/opt/gitlab/sv/postgresql/log/supervise/control] updated atime and mtime to 2020-01-15 03:35:08 +0000
[2020-01-15T03:35:08+00:00] INFO: ruby_block[Link postgresql bin files to the correct version] called
[2020-01-15T03:35:08+00:00] INFO: template[/opt/gitlab/etc/gitlab-psql-rc] created file /opt/gitlab/etc/gitlab-psql-rc
[2020-01-15T03:35:08+00:00] INFO: template[/opt/gitlab/etc/gitlab-psql-rc] updated file contents /opt/gitlab/etc/gitlab-psql-rc
[2020-01-15T03:35:08+00:00] INFO: template[/opt/gitlab/etc/gitlab-psql-rc] owner changed to 0
[2020-01-15T03:35:08+00:00] INFO: template[/opt/gitlab/etc/gitlab-psql-rc] group changed to 0
[2020-01-15T03:35:30+00:00] INFO: Running queued delayed notifications before re-raising exception
[2020-01-15T03:35:30+00:00] INFO: templatesymlink[Create a gitlab.yml and create a symlink to Rails root] sending run action to execute[clear the gitlab-rails cache] (delayed)
[2020-01-15T03:35:47+00:00] INFO: execute[clear the gitlab-rails cache] ran successfully
[2020-01-15T03:35:47+00:00] ERROR: Running exception handlers
[2020-01-15T03:35:47+00:00] ERROR: Exception handlers complete
[2020-01-15T03:35:47+00:00] FATAL: Stacktrace dumped to /opt/gitlab/embedded/cookbooks/cache/chef-stacktrace.out
[2020-01-15T03:35:47+00:00] FATAL: Please provide the contents of the stacktrace.out file if you file a bug report
[2020-01-15T03:35:47+00:00] FATAL: Mixlib::ShellOut::ShellCommandFailed: bash[migrate gitlab-rails database] (gitlab::database_migrations line 49) had an error: Mixlib::ShellOut::ShellCommandFailed: Expected process to exit with [0], but received '1'
---- Begin output of "bash"  "/tmp/chef-script20200115-25-13o9e32" ----
STDOUT: rake aborted!
PG::ConnectionBad: could not connect to server: No such file or directory
	Is the server running locally and accepting
	connections on Unix domain socket "/var/opt/gitlab/postgresql/.s.PGSQL.5432"?
/opt/gitlab/embedded/service/gitlab-rails/lib/tasks/gitlab/db.rake:49:in `block (3 levels) in <top (required)>'
/opt/gitlab/embedded/bin/bundle:23:in `load'
/opt/gitlab/embedded/bin/bundle:23:in `<main>'
Tasks: TOP => gitlab:db:configure
(See full trace by running task with --trace)
STDERR: 
---- End output of "bash"  "/tmp/chef-script20200115-25-13o9e32" ----
Ran "bash"  "/tmp/chef-script20200115-25-13o9e32" returned 1
